{"/home/travis/build/npmtest/node-npmtest-ionic/test.js":{"path":"/home/travis/build/npmtest/node-npmtest-ionic/test.js","s":{"1":2,"2":2,"3":2,"4":2,"5":2,"6":2,"7":2,"8":1,"9":2,"10":2,"11":1,"12":1,"13":1,"14":1,"15":2,"16":2,"17":2,"18":2,"19":1,"20":1,"21":2,"22":2,"23":2,"24":1,"25":1,"26":1,"27":1,"28":1,"29":1,"30":1,"31":1,"32":1,"33":1,"34":1,"35":1,"36":1,"37":2,"38":2,"39":1,"40":2,"41":2,"42":1,"43":2,"44":2,"45":1,"46":2,"47":2,"48":1,"49":1,"50":1,"51":1,"52":1},"b":{"1":[2,1,1,1],"2":[1,1,1,1],"3":[1,1],"4":[1,1],"5":[1,1],"6":[1,1],"7":[1,1],"8":[1,1],"9":[1,1,1],"10":[1,1],"11":[1,1],"12":[1,1],"13":[1,1],"14":[1,1],"15":[1,1],"16":[1,1]},"f":{"1":2,"2":2,"3":2,"4":2,"5":2,"6":1,"7":1,"8":2,"9":2,"10":2,"11":2,"12":1},"fnMap":{"1":{"name":"(anonymous_1)","line":12,"loc":{"start":{"line":12,"column":1},"end":{"line":12,"column":13}}},"2":{"name":"(anonymous_2)","line":19,"loc":{"start":{"line":19,"column":5},"end":{"line":19,"column":17}}},"3":{"name":"(anonymous_3)","line":23,"loc":{"start":{"line":23,"column":24},"end":{"line":23,"column":36}}},"4":{"name":"(anonymous_4)","line":61,"loc":{"start":{"line":61,"column":5},"end":{"line":61,"column":17}}},"5":{"name":"(anonymous_5)","line":82,"loc":{"start":{"line":82,"column":5},"end":{"line":82,"column":17}}},"6":{"name":"(anonymous_6)","line":102,"loc":{"start":{"line":102,"column":83},"end":{"line":105,"column":10}},"skip":true},"7":{"name":"(anonymous_7)","line":113,"loc":{"start":{"line":113,"column":77},"end":{"line":116,"column":10}},"skip":true},"8":{"name":"(anonymous_8)","line":129,"loc":{"start":{"line":129,"column":12},"end":{"line":129,"column":40}},"skip":true},"9":{"name":"(anonymous_9)","line":137,"loc":{"start":{"line":137,"column":77},"end":{"line":140,"column":10}},"skip":true},"10":{"name":"(anonymous_10)","line":148,"loc":{"start":{"line":148,"column":83},"end":{"line":151,"column":10}},"skip":true},"11":{"name":"(anonymous_11)","line":159,"loc":{"start":{"line":159,"column":79},"end":{"line":162,"column":10}},"skip":true},"12":{"name":"(anonymous_12)","line":170,"loc":{"start":{"line":170,"column":75},"end":{"line":173,"column":10}},"skip":true}},"statementMap":{"1":{"start":{"line":12,"column":0},"end":{"line":185,"column":5}},"2":{"start":{"line":14,"column":4},"end":{"line":14,"column":14}},"3":{"start":{"line":19,"column":4},"end":{"line":56,"column":9}},"4":{"start":{"line":21,"column":8},"end":{"line":21,"column":19}},"5":{"start":{"line":23,"column":8},"end":{"line":35,"column":13}},"6":{"start":{"line":24,"column":12},"end":{"line":34,"column":13}},"7":{"start":{"line":25,"column":16},"end":{"line":28,"column":30}},"8":{"start":{"line":30,"column":16},"end":{"line":33,"column":27}},"9":{"start":{"line":37,"column":8},"end":{"line":39,"column":21}},"10":{"start":{"line":40,"column":8},"end":{"line":53,"column":9}},"11":{"start":{"line":43,"column":12},"end":{"line":46,"column":14}},"12":{"start":{"line":47,"column":12},"end":{"line":47,"column":18}},"13":{"start":{"line":50,"column":12},"end":{"line":51,"column":46}},"14":{"start":{"line":52,"column":12},"end":{"line":52,"column":18}},"15":{"start":{"line":55,"column":8},"end":{"line":55,"column":35}},"16":{"start":{"line":61,"column":4},"end":{"line":63,"column":9}},"17":{"start":{"line":62,"column":8},"end":{"line":62,"column":15}},"18":{"start":{"line":64,"column":4},"end":{"line":77,"column":5}},"19":{"start":{"line":70,"column":8},"end":{"line":70,"column":14}},"20":{"start":{"line":76,"column":8},"end":{"line":76,"column":14}},"21":{"start":{"line":82,"column":4},"end":{"line":84,"column":9}},"22":{"start":{"line":83,"column":8},"end":{"line":83,"column":15}},"23":{"start":{"line":85,"column":4},"end":{"line":184,"column":5}},"24":{"start":{"line":92,"column":8},"end":{"line":94,"column":63}},"25":{"start":{"line":95,"column":8},"end":{"line":95,"column":14}},"26":{"start":{"line":102,"column":8},"end":{"line":111,"column":10},"skip":true},"27":{"start":{"line":109,"column":12},"end":{"line":109,"column":55},"skip":true},"28":{"start":{"line":110,"column":12},"end":{"line":110,"column":48},"skip":true},"29":{"start":{"line":113,"column":8},"end":{"line":126,"column":10},"skip":true},"30":{"start":{"line":120,"column":12},"end":{"line":120,"column":76},"skip":true},"31":{"start":{"line":121,"column":12},"end":{"line":121,"column":73},"skip":true},"32":{"start":{"line":122,"column":12},"end":{"line":122,"column":74},"skip":true},"33":{"start":{"line":123,"column":12},"end":{"line":123,"column":79},"skip":true},"34":{"start":{"line":124,"column":12},"end":{"line":124,"column":25},"skip":true},"35":{"start":{"line":125,"column":12},"end":{"line":125,"column":45},"skip":true},"36":{"start":{"line":128,"column":8},"end":{"line":135,"column":14},"skip":true},"37":{"start":{"line":133,"column":16},"end":{"line":133,"column":29},"skip":true},"38":{"start":{"line":134,"column":16},"end":{"line":134,"column":55},"skip":true},"39":{"start":{"line":137,"column":8},"end":{"line":146,"column":10},"skip":true},"40":{"start":{"line":144,"column":12},"end":{"line":144,"column":25},"skip":true},"41":{"start":{"line":145,"column":12},"end":{"line":145,"column":45},"skip":true},"42":{"start":{"line":148,"column":8},"end":{"line":157,"column":10},"skip":true},"43":{"start":{"line":155,"column":12},"end":{"line":155,"column":25},"skip":true},"44":{"start":{"line":156,"column":12},"end":{"line":156,"column":48},"skip":true},"45":{"start":{"line":159,"column":8},"end":{"line":168,"column":10},"skip":true},"46":{"start":{"line":166,"column":12},"end":{"line":166,"column":25},"skip":true},"47":{"start":{"line":167,"column":12},"end":{"line":167,"column":46},"skip":true},"48":{"start":{"line":170,"column":8},"end":{"line":179,"column":10},"skip":true},"49":{"start":{"line":177,"column":12},"end":{"line":177,"column":94},"skip":true},"50":{"start":{"line":178,"column":12},"end":{"line":178,"column":48},"skip":true},"51":{"start":{"line":182,"column":8},"end":{"line":182,"column":35},"skip":true},"52":{"start":{"line":183,"column":8},"end":{"line":183,"column":14},"skip":true}},"branchMap":{"1":{"line":25,"type":"binary-expr","locations":[{"start":{"line":25,"column":23},"end":{"line":25,"column":62}},{"start":{"line":26,"column":20},"end":{"line":26,"column":70}},{"start":{"line":27,"column":20},"end":{"line":27,"column":71}},{"start":{"line":28,"column":20},"end":{"line":28,"column":29}}]},"2":{"line":30,"type":"binary-expr","locations":[{"start":{"line":30,"column":23},"end":{"line":30,"column":37}},{"start":{"line":31,"column":20},"end":{"line":31,"column":61}},{"start":{"line":32,"column":20},"end":{"line":32,"column":70}},{"start":{"line":33,"column":20},"end":{"line":33,"column":26}}]},"3":{"line":37,"type":"cond-expr","locations":[{"start":{"line":38,"column":14},"end":{"line":38,"column":20}},{"start":{"line":39,"column":14},"end":{"line":39,"column":20}}]},"4":{"line":40,"type":"switch","locations":[{"start":{"line":42,"column":8},"end":{"line":47,"column":18}},{"start":{"line":49,"column":8},"end":{"line":52,"column":18}}]},"5":{"line":44,"type":"binary-expr","locations":[{"start":{"line":44,"column":16},"end":{"line":44,"column":44}},{"start":{"line":44,"column":48},"end":{"line":44,"column":66}}]},"6":{"line":50,"type":"binary-expr","locations":[{"start":{"line":50,"column":21},"end":{"line":50,"column":49}},{"start":{"line":50,"column":53},"end":{"line":50,"column":72}}]},"7":{"line":64,"type":"switch","locations":[{"start":{"line":69,"column":4},"end":{"line":70,"column":14}},{"start":{"line":75,"column":4},"end":{"line":76,"column":14}}]},"8":{"line":85,"type":"switch","locations":[{"start":{"line":90,"column":4},"end":{"line":95,"column":14}},{"start":{"line":101,"column":4},"end":{"line":183,"column":14},"skip":true}]},"9":{"line":92,"type":"binary-expr","locations":[{"start":{"line":92,"column":18},"end":{"line":92,"column":32}},{"start":{"line":93,"column":12},"end":{"line":93,"column":53}},{"start":{"line":94,"column":12},"end":{"line":94,"column":61}}]},"10":{"line":102,"type":"binary-expr","locations":[{"start":{"line":102,"column":45},"end":{"line":102,"column":79},"skip":true},{"start":{"line":102,"column":83},"end":{"line":111,"column":9},"skip":true}]},"11":{"line":113,"type":"binary-expr","locations":[{"start":{"line":113,"column":42},"end":{"line":113,"column":73},"skip":true},{"start":{"line":113,"column":77},"end":{"line":126,"column":9},"skip":true}]},"12":{"line":128,"type":"binary-expr","locations":[{"start":{"line":128,"column":48},"end":{"line":128,"column":85},"skip":true},{"start":{"line":129,"column":12},"end":{"line":135,"column":13},"skip":true}]},"13":{"line":137,"type":"binary-expr","locations":[{"start":{"line":137,"column":42},"end":{"line":137,"column":73},"skip":true},{"start":{"line":137,"column":77},"end":{"line":146,"column":9},"skip":true}]},"14":{"line":148,"type":"binary-expr","locations":[{"start":{"line":148,"column":45},"end":{"line":148,"column":79},"skip":true},{"start":{"line":148,"column":83},"end":{"line":157,"column":9},"skip":true}]},"15":{"line":159,"type":"binary-expr","locations":[{"start":{"line":159,"column":43},"end":{"line":159,"column":75},"skip":true},{"start":{"line":159,"column":79},"end":{"line":168,"column":9},"skip":true}]},"16":{"line":170,"type":"binary-expr","locations":[{"start":{"line":170,"column":41},"end":{"line":170,"column":71},"skip":true},{"start":{"line":170,"column":75},"end":{"line":179,"column":9},"skip":true}]}},"code":["/* istanbul instrument in package npmtest_ionic */","/*jslint","    bitwise: true,","    browser: true,","    maxerr: 8,","    maxlen: 96,","    node: true,","    nomen: true,","    regexp: true,","    stupid: true","*/","(function () {","    'use strict';","    var local;","","","","    // run shared js-env code - pre-init","    (function () {","        // init local","        local = {};","        // init modeJs","        local.modeJs = (function () {","            try {","                return typeof navigator.userAgent === 'string' &&","                    typeof document.querySelector('body') === 'object' &&","                    typeof XMLHttpRequest.prototype.open === 'function' &&","                    'browser';","            } catch (errorCaughtBrowser) {","                return module.exports &&","                    typeof process.versions.node === 'string' &&","                    typeof require('http').createServer === 'function' &&","                    'node';","            }","        }());","        // init global","        local.global = local.modeJs === 'browser'","            ? window","            : global;","        switch (local.modeJs) {","        // re-init local from window.local","        case 'browser':","            local = local.global.utility2.objectSetDefault(","                local.global.utility2_rollup || local.global.local,","                local.global.utility2","            );","            break;","        // re-init local from example.js","        case 'node':","            local = (local.global.utility2_rollup || require('utility2'))","                .requireExampleJsFromReadme();","            break;","        }","        // export local","        local.global.local = local;","    }());","","","","    // run shared js-env code - function","    (function () {","        return;","    }());","    switch (local.modeJs) {","","","","    // run browser js-env code - function","    case 'browser':","        break;","","","","    // run node js-env code - function","    case 'node':","        break;","    }","","","","    // run shared js-env code - post-init","    (function () {","        return;","    }());","    switch (local.modeJs) {","","","","    // run browser js-env code - post-init","    case 'browser':","        // run tests","        local.nop(local.modeTest &&","            document.querySelector('#testRunButton1') &&","            document.querySelector('#testRunButton1').click());","        break;","","","","    // run node js-env code - post-init","    /* istanbul ignore next */","    case 'node':","        local.testCase_buildApidoc_default = local.testCase_buildApidoc_default || function (","            options,","            onError","        ) {","        /*","         * this function will test buildApidoc's default handling-behavior-behavior","         */","            options = { modulePathList: module.paths };","            local.buildApidoc(options, onError);","        };","","        local.testCase_buildApp_default = local.testCase_buildApp_default || function (","            options,","            onError","        ) {","        /*","         * this function will test buildApp's default handling-behavior-behavior","         */","            local.testCase_buildReadme_default(options, local.onErrorThrow);","            local.testCase_buildLib_default(options, local.onErrorThrow);","            local.testCase_buildTest_default(options, local.onErrorThrow);","            local.testCase_buildCustomOrg_default(options, local.onErrorThrow);","            options = [];","            local.buildApp(options, onError);","        };","","        local.testCase_buildCustomOrg_default = local.testCase_buildCustomOrg_default ||","            function (options, onError) {","            /*","             * this function will test buildCustomOrg's default handling-behavior","             */","                options = {};","                local.buildCustomOrg(options, onError);","            };","","        local.testCase_buildLib_default = local.testCase_buildLib_default || function (","            options,","            onError","        ) {","        /*","         * this function will test buildLib's default handling-behavior","         */","            options = {};","            local.buildLib(options, onError);","        };","","        local.testCase_buildReadme_default = local.testCase_buildReadme_default || function (","            options,","            onError","        ) {","        /*","         * this function will test buildReadme's default handling-behavior-behavior","         */","            options = {};","            local.buildReadme(options, onError);","        };","","        local.testCase_buildTest_default = local.testCase_buildTest_default || function (","            options,","            onError","        ) {","        /*","         * this function will test buildTest's default handling-behavior","         */","            options = {};","            local.buildTest(options, onError);","        };","","        local.testCase_webpage_default = local.testCase_webpage_default || function (","            options,","            onError","        ) {","        /*","         * this function will test webpage's default handling-behavior","         */","            options = { modeCoverageMerge: true, url: local.serverLocalHost + '?modeTest=1' };","            local.browserTest(options, onError);","        };","","        // run test-server","        local.testRunServer(local);","        break;","    }","}());",""],"l":{"12":2,"14":2,"19":2,"21":2,"23":2,"24":2,"25":2,"30":1,"37":2,"40":2,"43":1,"47":1,"50":1,"52":1,"55":2,"61":2,"62":2,"64":2,"70":1,"76":1,"82":2,"83":2,"85":2,"92":1,"95":1,"102":1,"109":1,"110":1,"113":1,"120":1,"121":1,"122":1,"123":1,"124":1,"125":1,"128":1,"133":2,"134":2,"137":1,"144":2,"145":2,"148":1,"155":2,"156":2,"159":1,"166":2,"167":2,"170":1,"177":1,"178":1,"182":1,"183":1}},"/home/travis/build/npmtest/node-npmtest-ionic/lib.npmtest_ionic.js":{"path":"/home/travis/build/npmtest/node-npmtest-ionic/lib.npmtest_ionic.js","s":{"1":2,"2":2,"3":2,"4":2,"5":2,"6":2,"7":2,"8":1,"9":2,"10":2,"11":2,"12":2,"13":1,"14":1,"15":1,"16":1},"b":{"1":[2,1,1,1],"2":[1,1,1,1],"3":[1,1],"4":[2,2],"5":[1,1]},"f":{"1":2,"2":2,"3":2},"fnMap":{"1":{"name":"(anonymous_1)","line":12,"loc":{"start":{"line":12,"column":1},"end":{"line":12,"column":13}}},"2":{"name":"(anonymous_2)","line":19,"loc":{"start":{"line":19,"column":5},"end":{"line":19,"column":17}}},"3":{"name":"(anonymous_3)","line":23,"loc":{"start":{"line":23,"column":24},"end":{"line":23,"column":36}}}},"statementMap":{"1":{"start":{"line":12,"column":0},"end":{"line":53,"column":5}},"2":{"start":{"line":14,"column":4},"end":{"line":14,"column":14}},"3":{"start":{"line":19,"column":4},"end":{"line":52,"column":9}},"4":{"start":{"line":21,"column":8},"end":{"line":21,"column":19}},"5":{"start":{"line":23,"column":8},"end":{"line":35,"column":13}},"6":{"start":{"line":24,"column":12},"end":{"line":34,"column":13}},"7":{"start":{"line":25,"column":16},"end":{"line":28,"column":30}},"8":{"start":{"line":30,"column":16},"end":{"line":33,"column":27}},"9":{"start":{"line":37,"column":8},"end":{"line":39,"column":21}},"10":{"start":{"line":41,"column":8},"end":{"line":41,"column":54}},"11":{"start":{"line":43,"column":8},"end":{"line":43,"column":50}},"12":{"start":{"line":45,"column":8},"end":{"line":51,"column":9}},"13":{"start":{"line":46,"column":12},"end":{"line":46,"column":56}},"14":{"start":{"line":48,"column":12},"end":{"line":48,"column":35}},"15":{"start":{"line":49,"column":12},"end":{"line":49,"column":49}},"16":{"start":{"line":50,"column":12},"end":{"line":50,"column":43}}},"branchMap":{"1":{"line":25,"type":"binary-expr","locations":[{"start":{"line":25,"column":23},"end":{"line":25,"column":62}},{"start":{"line":26,"column":20},"end":{"line":26,"column":70}},{"start":{"line":27,"column":20},"end":{"line":27,"column":71}},{"start":{"line":28,"column":20},"end":{"line":28,"column":29}}]},"2":{"line":30,"type":"binary-expr","locations":[{"start":{"line":30,"column":23},"end":{"line":30,"column":37}},{"start":{"line":31,"column":20},"end":{"line":31,"column":61}},{"start":{"line":32,"column":20},"end":{"line":32,"column":70}},{"start":{"line":33,"column":20},"end":{"line":33,"column":26}}]},"3":{"line":37,"type":"cond-expr","locations":[{"start":{"line":38,"column":14},"end":{"line":38,"column":20}},{"start":{"line":39,"column":14},"end":{"line":39,"column":20}}]},"4":{"line":41,"type":"binary-expr","locations":[{"start":{"line":41,"column":16},"end":{"line":41,"column":44}},{"start":{"line":41,"column":48},"end":{"line":41,"column":53}}]},"5":{"line":45,"type":"if","locations":[{"start":{"line":45,"column":8},"end":{"line":45,"column":8}},{"start":{"line":45,"column":8},"end":{"line":45,"column":8}}]}},"code":["/* istanbul instrument in package npmtest_ionic */","/*jslint","    bitwise: true,","    browser: true,","    maxerr: 8,","    maxlen: 96,","    node: true,","    nomen: true,","    regexp: true,","    stupid: true","*/","(function () {","    'use strict';","    var local;","","","","    // run shared js-env code - pre-init","    (function () {","        // init local","        local = {};","        // init modeJs","        local.modeJs = (function () {","            try {","                return typeof navigator.userAgent === 'string' &&","                    typeof document.querySelector('body') === 'object' &&","                    typeof XMLHttpRequest.prototype.open === 'function' &&","                    'browser';","            } catch (errorCaughtBrowser) {","                return module.exports &&","                    typeof process.versions.node === 'string' &&","                    typeof require('http').createServer === 'function' &&","                    'node';","            }","        }());","        // init global","        local.global = local.modeJs === 'browser'","            ? window","            : global;","        // init utility2_rollup","        local = local.global.utility2_rollup || local;","        // init lib","        local.local = local.npmtest_ionic = local;","        // init exports","        if (local.modeJs === 'browser') {","            local.global.utility2_npmtest_ionic = local;","        } else {","            module.exports = local;","            module.exports.__dirname = __dirname;","            module.exports.module = module;","        }","    }());","}());",""],"l":{"12":2,"14":2,"19":2,"21":2,"23":2,"24":2,"25":2,"30":1,"37":2,"41":2,"43":2,"45":2,"46":1,"48":1,"49":1,"50":1}},"/home/travis/build/npmtest/node-npmtest-ionic/example.js":{"path":"/home/travis/build/npmtest/node-npmtest-ionic/example.js","s":{"1":2,"2":2,"3":2,"4":2,"5":2,"6":2,"7":2,"8":1,"9":2,"10":2,"11":2,"12":2,"13":1,"14":2,"15":2,"16":2,"17":2,"18":2,"19":0,"20":2,"21":1,"22":1,"23":1,"24":1,"25":1,"26":0,"27":0,"28":1,"29":1,"30":2,"31":0,"32":0,"33":0,"34":1,"35":2,"36":2,"37":2,"38":2,"39":2,"40":2,"41":0,"42":2,"43":2,"44":2,"45":1,"46":3,"47":1,"48":1,"49":1,"50":1,"51":1,"52":1,"53":1,"54":1,"55":1,"56":1,"57":0,"58":1,"59":6,"60":6,"61":1,"62":2,"63":0,"64":2,"65":1,"66":1,"67":0,"68":0,"69":0,"70":0,"71":0,"72":0,"73":0,"74":0,"75":0,"76":0,"77":0,"78":0,"79":0,"80":0,"81":0,"82":0,"83":0},"b":{"1":[2,1,1,1],"2":[1,1,1,1],"3":[1,1],"4":[2,2],"5":[1,1],"6":[1,1],"7":[2,0],"8":[2,1,1,1,1,1],"9":[0,2,0],"10":[1,1],"11":[2,1,1],"12":[1,0],"13":[0,2],"14":[2,0,0,0,0,0,0],"15":[0,2],"16":[2,0],"17":[1,1],"18":[0,1],"19":[1,2,0,2],"20":[1,0],"21":[1,1],"22":[0,0],"23":[0,0],"24":[0,0],"25":[0,0],"26":[0,0],"27":[0,0],"28":[0,0]},"f":{"1":2,"2":2,"3":2,"4":2,"5":2,"6":2,"7":2,"8":2,"9":3,"10":1,"11":6,"12":0},"fnMap":{"1":{"name":"(anonymous_1)","line":26,"loc":{"start":{"line":26,"column":1},"end":{"line":26,"column":13}}},"2":{"name":"(anonymous_2)","line":33,"loc":{"start":{"line":33,"column":5},"end":{"line":33,"column":17}}},"3":{"name":"(anonymous_3)","line":37,"loc":{"start":{"line":37,"column":24},"end":{"line":37,"column":36}}},"4":{"name":"(anonymous_4)","line":69,"loc":{"start":{"line":69,"column":31},"end":{"line":69,"column":48}},"skip":true},"5":{"name":"(anonymous_5)","line":78,"loc":{"start":{"line":78,"column":26},"end":{"line":78,"column":45}},"skip":true},"6":{"name":"(anonymous_6)","line":123,"loc":{"start":{"line":123,"column":33},"end":{"line":123,"column":48}},"skip":true},"7":{"name":"(anonymous_7)","line":125,"loc":{"start":{"line":125,"column":27},"end":{"line":125,"column":39}},"skip":true},"8":{"name":"(anonymous_8)","line":133,"loc":{"start":{"line":133,"column":59},"end":{"line":133,"column":74}},"skip":true},"9":{"name":"(anonymous_9)","line":143,"loc":{"start":{"line":143,"column":45},"end":{"line":143,"column":62}},"skip":true},"10":{"name":"(anonymous_10)","line":144,"loc":{"start":{"line":144,"column":73},"end":{"line":144,"column":92}},"skip":true},"11":{"name":"(anonymous_11)","line":272,"loc":{"start":{"line":272,"column":51},"end":{"line":272,"column":77}},"skip":true},"12":{"name":"(anonymous_12)","line":314,"loc":{"start":{"line":314,"column":32},"end":{"line":314,"column":61}},"skip":true}},"statementMap":{"1":{"start":{"line":26,"column":0},"end":{"line":325,"column":5}},"2":{"start":{"line":28,"column":4},"end":{"line":28,"column":14}},"3":{"start":{"line":33,"column":4},"end":{"line":60,"column":9}},"4":{"start":{"line":35,"column":8},"end":{"line":35,"column":19}},"5":{"start":{"line":37,"column":8},"end":{"line":49,"column":13}},"6":{"start":{"line":38,"column":12},"end":{"line":48,"column":13}},"7":{"start":{"line":39,"column":16},"end":{"line":42,"column":30}},"8":{"start":{"line":44,"column":16},"end":{"line":47,"column":27}},"9":{"start":{"line":51,"column":8},"end":{"line":53,"column":21}},"10":{"start":{"line":55,"column":8},"end":{"line":57,"column":45}},"11":{"start":{"line":59,"column":8},"end":{"line":59,"column":35}},"12":{"start":{"line":61,"column":4},"end":{"line":324,"column":5}},"13":{"start":{"line":69,"column":8},"end":{"line":121,"column":10},"skip":true},"14":{"start":{"line":70,"column":12},"end":{"line":88,"column":13},"skip":true},"15":{"start":{"line":76,"column":16},"end":{"line":87,"column":19},"skip":true},"16":{"start":{"line":79,"column":20},"end":{"line":86,"column":21},"skip":true},"17":{"start":{"line":82,"column":24},"end":{"line":82,"column":43},"skip":true},"18":{"start":{"line":83,"column":24},"end":{"line":83,"column":30},"skip":true},"19":{"start":{"line":85,"column":24},"end":{"line":85,"column":49},"skip":true},"20":{"start":{"line":89,"column":12},"end":{"line":107,"column":13},"skip":true},"21":{"start":{"line":92,"column":16},"end":{"line":102,"column":17},"skip":true},"22":{"start":{"line":93,"column":20},"end":{"line":93,"column":86},"skip":true},"23":{"start":{"line":94,"column":20},"end":{"line":95,"column":45},"skip":true},"24":{"start":{"line":96,"column":20},"end":{"line":96,"column":42},"skip":true},"25":{"start":{"line":97,"column":20},"end":{"line":97,"column":48},"skip":true},"26":{"start":{"line":100,"column":20},"end":{"line":100,"column":85},"skip":true},"27":{"start":{"line":101,"column":20},"end":{"line":101,"column":96},"skip":true},"28":{"start":{"line":103,"column":16},"end":{"line":103,"column":22},"skip":true},"29":{"start":{"line":106,"column":16},"end":{"line":106,"column":22},"skip":true},"30":{"start":{"line":108,"column":12},"end":{"line":120,"column":13},"skip":true},"31":{"start":{"line":114,"column":16},"end":{"line":119,"column":17},"skip":true},"32":{"start":{"line":116,"column":20},"end":{"line":116,"column":78},"skip":true},"33":{"start":{"line":118,"column":20},"end":{"line":118,"column":47},"skip":true},"34":{"start":{"line":123,"column":8},"end":{"line":141,"column":11},"skip":true},"35":{"start":{"line":124,"column":12},"end":{"line":124,"column":54},"skip":true},"36":{"start":{"line":125,"column":12},"end":{"line":140,"column":14},"skip":true},"37":{"start":{"line":126,"column":16},"end":{"line":126,"column":28},"skip":true},"38":{"start":{"line":127,"column":16},"end":{"line":127,"column":69},"skip":true},"39":{"start":{"line":128,"column":16},"end":{"line":128,"column":75},"skip":true},"40":{"start":{"line":129,"column":16},"end":{"line":131,"column":17},"skip":true},"41":{"start":{"line":130,"column":20},"end":{"line":130,"column":27},"skip":true},"42":{"start":{"line":133,"column":16},"end":{"line":137,"column":36},"skip":true},"43":{"start":{"line":134,"column":20},"end":{"line":136,"column":55},"skip":true},"44":{"start":{"line":139,"column":16},"end":{"line":139,"column":57},"skip":true},"45":{"start":{"line":143,"column":8},"end":{"line":147,"column":11},"skip":true},"46":{"start":{"line":144,"column":12},"end":{"line":146,"column":15},"skip":true},"47":{"start":{"line":145,"column":16},"end":{"line":145,"column":70},"skip":true},"48":{"start":{"line":149,"column":8},"end":{"line":149,"column":31},"skip":true},"49":{"start":{"line":150,"column":8},"end":{"line":150,"column":14},"skip":true},"50":{"start":{"line":158,"column":8},"end":{"line":158,"column":31},"skip":true},"51":{"start":{"line":160,"column":8},"end":{"line":160,"column":33},"skip":true},"52":{"start":{"line":161,"column":8},"end":{"line":161,"column":37},"skip":true},"53":{"start":{"line":162,"column":8},"end":{"line":162,"column":35},"skip":true},"54":{"start":{"line":164,"column":8},"end":{"line":164,"column":50},"skip":true},"55":{"start":{"line":166,"column":8},"end":{"line":256,"column":2},"skip":true},"56":{"start":{"line":258,"column":8},"end":{"line":286,"column":9},"skip":true},"57":{"start":{"line":259,"column":12},"end":{"line":269,"column":14},"skip":true},"58":{"start":{"line":271,"column":12},"end":{"line":285,"column":19},"skip":true},"59":{"start":{"line":274,"column":20},"end":{"line":274,"column":35},"skip":true},"60":{"start":{"line":275,"column":20},"end":{"line":284,"column":21},"skip":true},"61":{"start":{"line":277,"column":24},"end":{"line":277,"column":64},"skip":true},"62":{"start":{"line":279,"column":24},"end":{"line":279,"column":40},"skip":true},"63":{"start":{"line":281,"column":24},"end":{"line":281,"column":40},"skip":true},"64":{"start":{"line":283,"column":24},"end":{"line":283,"column":39},"skip":true},"65":{"start":{"line":288,"column":8},"end":{"line":290,"column":9},"skip":true},"66":{"start":{"line":289,"column":12},"end":{"line":289,"column":18},"skip":true},"67":{"start":{"line":291,"column":8},"end":{"line":293,"column":54},"skip":true},"68":{"start":{"line":294,"column":8},"end":{"line":301,"column":37},"skip":true},"69":{"start":{"line":302,"column":8},"end":{"line":302,"column":82},"skip":true},"70":{"start":{"line":305,"column":8},"end":{"line":307,"column":9},"skip":true},"71":{"start":{"line":306,"column":12},"end":{"line":306,"column":82},"skip":true},"72":{"start":{"line":309,"column":8},"end":{"line":311,"column":9},"skip":true},"73":{"start":{"line":310,"column":12},"end":{"line":310,"column":18},"skip":true},"74":{"start":{"line":312,"column":8},"end":{"line":312,"column":54},"skip":true},"75":{"start":{"line":313,"column":8},"end":{"line":313,"column":69},"skip":true},"76":{"start":{"line":314,"column":8},"end":{"line":322,"column":36},"skip":true},"77":{"start":{"line":315,"column":12},"end":{"line":315,"column":61},"skip":true},"78":{"start":{"line":316,"column":12},"end":{"line":319,"column":13},"skip":true},"79":{"start":{"line":317,"column":16},"end":{"line":317,"column":75},"skip":true},"80":{"start":{"line":318,"column":16},"end":{"line":318,"column":23},"skip":true},"81":{"start":{"line":320,"column":12},"end":{"line":320,"column":38},"skip":true},"82":{"start":{"line":321,"column":12},"end":{"line":321,"column":27},"skip":true},"83":{"start":{"line":323,"column":8},"end":{"line":323,"column":14},"skip":true}},"branchMap":{"1":{"line":39,"type":"binary-expr","locations":[{"start":{"line":39,"column":23},"end":{"line":39,"column":62}},{"start":{"line":40,"column":20},"end":{"line":40,"column":70}},{"start":{"line":41,"column":20},"end":{"line":41,"column":71}},{"start":{"line":42,"column":20},"end":{"line":42,"column":29}}]},"2":{"line":44,"type":"binary-expr","locations":[{"start":{"line":44,"column":23},"end":{"line":44,"column":37}},{"start":{"line":45,"column":20},"end":{"line":45,"column":61}},{"start":{"line":46,"column":20},"end":{"line":46,"column":70}},{"start":{"line":47,"column":20},"end":{"line":47,"column":26}}]},"3":{"line":51,"type":"cond-expr","locations":[{"start":{"line":52,"column":14},"end":{"line":52,"column":20}},{"start":{"line":53,"column":14},"end":{"line":53,"column":20}}]},"4":{"line":55,"type":"binary-expr","locations":[{"start":{"line":55,"column":16},"end":{"line":55,"column":44}},{"start":{"line":55,"column":49},"end":{"line":57,"column":43}}]},"5":{"line":55,"type":"cond-expr","locations":[{"start":{"line":56,"column":14},"end":{"line":56,"column":49}},{"start":{"line":57,"column":14},"end":{"line":57,"column":43}}]},"6":{"line":61,"type":"switch","locations":[{"start":{"line":68,"column":4},"end":{"line":150,"column":14},"skip":true},{"start":{"line":156,"column":4},"end":{"line":323,"column":14},"skip":true}]},"7":{"line":70,"type":"if","locations":[{"start":{"line":70,"column":12},"end":{"line":70,"column":12},"skip":true},{"start":{"line":70,"column":12},"end":{"line":70,"column":12},"skip":true}]},"8":{"line":70,"type":"binary-expr","locations":[{"start":{"line":70,"column":16},"end":{"line":70,"column":22},"skip":true},{"start":{"line":70,"column":27},"end":{"line":70,"column":32},"skip":true},{"start":{"line":71,"column":20},"end":{"line":71,"column":39},"skip":true},{"start":{"line":72,"column":20},"end":{"line":72,"column":49},"skip":true},{"start":{"line":73,"column":20},"end":{"line":73,"column":58},"skip":true},{"start":{"line":74,"column":20},"end":{"line":74,"column":69},"skip":true}]},"9":{"line":79,"type":"switch","locations":[{"start":{"line":80,"column":20},"end":{"line":80,"column":33},"skip":true},{"start":{"line":81,"column":20},"end":{"line":83,"column":30},"skip":true},{"start":{"line":84,"column":20},"end":{"line":85,"column":49},"skip":true}]},"10":{"line":89,"type":"switch","locations":[{"start":{"line":90,"column":12},"end":{"line":103,"column":22},"skip":true},{"start":{"line":105,"column":12},"end":{"line":106,"column":22},"skip":true}]},"11":{"line":89,"type":"binary-expr","locations":[{"start":{"line":89,"column":20},"end":{"line":89,"column":25},"skip":true},{"start":{"line":89,"column":29},"end":{"line":89,"column":48},"skip":true},{"start":{"line":89,"column":52},"end":{"line":89,"column":74},"skip":true}]},"12":{"line":92,"type":"if","locations":[{"start":{"line":92,"column":16},"end":{"line":92,"column":16},"skip":true},{"start":{"line":92,"column":16},"end":{"line":92,"column":16},"skip":true}]},"13":{"line":108,"type":"if","locations":[{"start":{"line":108,"column":12},"end":{"line":108,"column":12},"skip":true},{"start":{"line":108,"column":12},"end":{"line":108,"column":12},"skip":true}]},"14":{"line":108,"type":"binary-expr","locations":[{"start":{"line":108,"column":16},"end":{"line":108,"column":61},"skip":true},{"start":{"line":108,"column":66},"end":{"line":108,"column":72},"skip":true},{"start":{"line":108,"column":77},"end":{"line":108,"column":82},"skip":true},{"start":{"line":109,"column":20},"end":{"line":109,"column":39},"skip":true},{"start":{"line":110,"column":20},"end":{"line":110,"column":49},"skip":true},{"start":{"line":111,"column":20},"end":{"line":111,"column":58},"skip":true},{"start":{"line":112,"column":20},"end":{"line":112,"column":68},"skip":true}]},"15":{"line":129,"type":"if","locations":[{"start":{"line":129,"column":16},"end":{"line":129,"column":16},"skip":true},{"start":{"line":129,"column":16},"end":{"line":129,"column":16},"skip":true}]},"16":{"line":134,"type":"cond-expr","locations":[{"start":{"line":135,"column":26},"end":{"line":135,"column":29},"skip":true},{"start":{"line":136,"column":26},"end":{"line":136,"column":54},"skip":true}]},"17":{"line":164,"type":"binary-expr","locations":[{"start":{"line":164,"column":27},"end":{"line":164,"column":43},"skip":true},{"start":{"line":164,"column":47},"end":{"line":164,"column":49},"skip":true}]},"18":{"line":258,"type":"if","locations":[{"start":{"line":258,"column":8},"end":{"line":258,"column":8},"skip":true},{"start":{"line":258,"column":8},"end":{"line":258,"column":8},"skip":true}]},"19":{"line":275,"type":"switch","locations":[{"start":{"line":276,"column":20},"end":{"line":277,"column":64},"skip":true},{"start":{"line":278,"column":20},"end":{"line":279,"column":40},"skip":true},{"start":{"line":280,"column":20},"end":{"line":281,"column":40},"skip":true},{"start":{"line":282,"column":20},"end":{"line":283,"column":39},"skip":true}]},"20":{"line":288,"type":"if","locations":[{"start":{"line":288,"column":8},"end":{"line":288,"column":8},"skip":true},{"start":{"line":288,"column":8},"end":{"line":288,"column":8},"skip":true}]},"21":{"line":288,"type":"binary-expr","locations":[{"start":{"line":288,"column":12},"end":{"line":288,"column":40},"skip":true},{"start":{"line":288,"column":44},"end":{"line":288,"column":67},"skip":true}]},"22":{"line":292,"type":"binary-expr","locations":[{"start":{"line":292,"column":12},"end":{"line":292,"column":50},"skip":true},{"start":{"line":293,"column":12},"end":{"line":293,"column":53},"skip":true}]},"23":{"line":295,"type":"binary-expr","locations":[{"start":{"line":295,"column":12},"end":{"line":295,"column":63},"skip":true},{"start":{"line":296,"column":12},"end":{"line":301,"column":36},"skip":true}]},"24":{"line":302,"type":"binary-expr","locations":[{"start":{"line":302,"column":43},"end":{"line":302,"column":75},"skip":true},{"start":{"line":302,"column":79},"end":{"line":302,"column":81},"skip":true}]},"25":{"line":305,"type":"if","locations":[{"start":{"line":305,"column":8},"end":{"line":305,"column":8},"skip":true},{"start":{"line":305,"column":8},"end":{"line":305,"column":8},"skip":true}]},"26":{"line":309,"type":"if","locations":[{"start":{"line":309,"column":8},"end":{"line":309,"column":8},"skip":true},{"start":{"line":309,"column":8},"end":{"line":309,"column":8},"skip":true}]},"27":{"line":312,"type":"binary-expr","locations":[{"start":{"line":312,"column":27},"end":{"line":312,"column":43},"skip":true},{"start":{"line":312,"column":47},"end":{"line":312,"column":53},"skip":true}]},"28":{"line":316,"type":"if","locations":[{"start":{"line":316,"column":12},"end":{"line":316,"column":12},"skip":true},{"start":{"line":316,"column":12},"end":{"line":316,"column":12},"skip":true}]}},"code":["/*","example.js","","quickstart example","","instruction","    1. save this script as example.js","    2. run the shell command:","        $ npm install npmtest-ionic && PORT=8081 node example.js","    3. play with the browser-demo on http://127.0.0.1:8081","*/","","","","/* istanbul instrument in package npmtest_ionic */","/*jslint","    bitwise: true,","    browser: true,","    maxerr: 8,","    maxlen: 96,","    node: true,","    nomen: true,","    regexp: true,","    stupid: true","*/","(function () {","    'use strict';","    var local;","","","","    // run shared js-env code - pre-init","    (function () {","        // init local","        local = {};","        // init modeJs","        local.modeJs = (function () {","            try {","                return typeof navigator.userAgent === 'string' &&","                    typeof document.querySelector('body') === 'object' &&","                    typeof XMLHttpRequest.prototype.open === 'function' &&","                    'browser';","            } catch (errorCaughtBrowser) {","                return module.exports &&","                    typeof process.versions.node === 'string' &&","                    typeof require('http').createServer === 'function' &&","                    'node';","            }","        }());","        // init global","        local.global = local.modeJs === 'browser'","            ? window","            : global;","        // init utility2_rollup","        local = local.global.utility2_rollup || (local.modeJs === 'browser'","            ? local.global.utility2_npmtest_ionic","            : global.utility2_moduleExports);","        // export local","        local.global.local = local;","    }());","    switch (local.modeJs) {","","","","    // post-init","    // run browser js-env code - post-init","    /* istanbul ignore next */","    case 'browser':","        local.testRunBrowser = function (event) {","            if (!event || (event &&","                    event.currentTarget &&","                    event.currentTarget.className &&","                    event.currentTarget.className.includes &&","                    event.currentTarget.className.includes('onreset'))) {","                // reset output","                Array.from(","                    document.querySelectorAll('body > .resettable')","                ).forEach(function (element) {","                    switch (element.tagName) {","                    case 'INPUT':","                    case 'TEXTAREA':","                        element.value = '';","                        break;","                    default:","                        element.textContent = '';","                    }","                });","            }","            switch (event && event.currentTarget && event.currentTarget.id) {","            case 'testRunButton1':","                // show tests","                if (document.querySelector('#testReportDiv1').style.display === 'none') {","                    document.querySelector('#testReportDiv1').style.display = 'block';","                    document.querySelector('#testRunButton1').textContent =","                        'hide internal test';","                    local.modeTest = true;","                    local.testRunDefault(local);","                // hide tests","                } else {","                    document.querySelector('#testReportDiv1').style.display = 'none';","                    document.querySelector('#testRunButton1').textContent = 'run internal test';","                }","                break;","            // custom-case","            default:","                break;","            }","            if (document.querySelector('#inputTextareaEval1') && (!event || (event &&","                    event.currentTarget &&","                    event.currentTarget.className &&","                    event.currentTarget.className.includes &&","                    event.currentTarget.className.includes('oneval')))) {","                // try to eval input-code","                try {","                    /*jslint evil: true*/","                    eval(document.querySelector('#inputTextareaEval1').value);","                } catch (errorCaught) {","                    console.error(errorCaught);","                }","            }","        };","        // log stderr and stdout to #outputTextareaStdout1","        ['error', 'log'].forEach(function (key) {","            console[key + '_original'] = console[key];","            console[key] = function () {","                var element;","                console[key + '_original'].apply(console, arguments);","                element = document.querySelector('#outputTextareaStdout1');","                if (!element) {","                    return;","                }","                // append text to #outputTextareaStdout1","                element.value += Array.from(arguments).map(function (arg) {","                    return typeof arg === 'string'","                        ? arg","                        : JSON.stringify(arg, null, 4);","                }).join(' ') + '\\n';","                // scroll textarea to bottom","                element.scrollTop = element.scrollHeight;","            };","        });","        // init event-handling","        ['change', 'click', 'keyup'].forEach(function (event) {","            Array.from(document.querySelectorAll('.on' + event)).forEach(function (element) {","                element.addEventListener(event, local.testRunBrowser);","            });","        });","        // run tests","        local.testRunBrowser();","        break;","","","","    // run node js-env code - post-init","    /* istanbul ignore next */","    case 'node':","        // export local","        module.exports = local;","        // require modules","        local.fs = require('fs');","        local.http = require('http');","        local.url = require('url');","        // init assets","        local.assetsDict = local.assetsDict || {};","        /* jslint-ignore-begin */","        local.assetsDict['/assets.index.template.html'] = '\\","<!doctype html>\\n\\","<html lang=\"en\">\\n\\","<head>\\n\\","<meta charset=\"UTF-8\">\\n\\","<meta name=\"viewport\" content=\"width=device-width, initial-scale=1\">\\n\\","<title>{{env.npm_package_name}} (v{{env.npm_package_version}})</title>\\n\\","<style>\\n\\","/*csslint\\n\\","    box-sizing: false,\\n\\","    universal-selector: false\\n\\","*/\\n\\","* {\\n\\","    box-sizing: border-box;\\n\\","}\\n\\","body {\\n\\","    background: #dde;\\n\\","    font-family: Arial, Helvetica, sans-serif;\\n\\","    margin: 2rem;\\n\\","}\\n\\","body > * {\\n\\","    margin-bottom: 1rem;\\n\\","}\\n\\",".utility2FooterDiv {\\n\\","    margin-top: 20px;\\n\\","    text-align: center;\\n\\","}\\n\\","</style>\\n\\","<style>\\n\\","/*csslint\\n\\","*/\\n\\","textarea {\\n\\","    font-family: monospace;\\n\\","    height: 10rem;\\n\\","    width: 100%;\\n\\","}\\n\\","textarea[readonly] {\\n\\","    background: #ddd;\\n\\","}\\n\\","</style>\\n\\","</head>\\n\\","<body>\\n\\","<!-- utility2-comment\\n\\","<div id=\"ajaxProgressDiv1\" style=\"background: #d00; height: 2px; left: 0; margin: 0; padding: 0; position: fixed; top: 0; transition: background 0.5s, width 1.5s; width: 25%;\"></div>\\n\\","utility2-comment -->\\n\\","<h1>\\n\\","<!-- utility2-comment\\n\\","    <a\\n\\","        {{#if env.npm_package_homepage}}\\n\\","        href=\"{{env.npm_package_homepage}}\"\\n\\","        {{/if env.npm_package_homepage}}\\n\\","        target=\"_blank\"\\n\\","    >\\n\\","utility2-comment -->\\n\\","        {{env.npm_package_name}} (v{{env.npm_package_version}})\\n\\","<!-- utility2-comment\\n\\","    </a>\\n\\","utility2-comment -->\\n\\","</h1>\\n\\","<h3>{{env.npm_package_description}}</h3>\\n\\","<!-- utility2-comment\\n\\","<h4><a download href=\"assets.app.js\">download standalone app</a></h4>\\n\\","<button class=\"onclick onreset\" id=\"testRunButton1\">run internal test</button><br>\\n\\","<div id=\"testReportDiv1\" style=\"display: none;\"></div>\\n\\","utility2-comment -->\\n\\","\\n\\","\\n\\","\\n\\","<label>stderr and stdout</label>\\n\\","<textarea class=\"resettable\" id=\"outputTextareaStdout1\" readonly></textarea>\\n\\","<!-- utility2-comment\\n\\","{{#if isRollup}}\\n\\","<script src=\"assets.app.js\"></script>\\n\\","{{#unless isRollup}}\\n\\","utility2-comment -->\\n\\","<script src=\"assets.utility2.rollup.js\"></script>\\n\\","<script src=\"jsonp.utility2._stateInit?callback=window.utility2._stateInit\"></script>\\n\\","<script src=\"assets.npmtest_ionic.rollup.js\"></script>\\n\\","<script src=\"assets.example.js\"></script>\\n\\","<script src=\"assets.test.js\"></script>\\n\\","<!-- utility2-comment\\n\\","{{/if isRollup}}\\n\\","utility2-comment -->\\n\\","<div class=\"utility2FooterDiv\">\\n\\","    [ this app was created with\\n\\","    <a href=\"https://github.com/kaizhu256/node-utility2\" target=\"_blank\">utility2</a>\\n\\","    ]\\n\\","</div>\\n\\","</body>\\n\\","</html>\\n\\","';","        /* jslint-ignore-end */","        if (local.templateRender) {","            local.assetsDict['/'] = local.templateRender(","                local.assetsDict['/assets.index.template.html'],","                {","                    env: local.objectSetDefault(local.env, {","                        npm_package_description: 'the greatest app in the world!',","                        npm_package_name: 'my-app',","                        npm_package_nameAlias: 'my_app',","                        npm_package_version: '0.0.1'","                    })","                }","            );","        } else {","            local.assetsDict['/'] = local.assetsDict['/assets.index.template.html']","                .replace((/\\{\\{env\\.(\\w+?)\\}\\}/g), function (match0, match1) {","                    // jslint-hack","                    String(match0);","                    switch (match1) {","                    case 'npm_package_description':","                        return 'the greatest app in the world!';","                    case 'npm_package_name':","                        return 'my-app';","                    case 'npm_package_nameAlias':","                        return 'my_app';","                    case 'npm_package_version':","                        return '0.0.1';","                    }","                });","        }","        // run the cli","        if (local.global.utility2_rollup || module !== require.main) {","            break;","        }","        local.assetsDict['/assets.example.js'] =","            local.assetsDict['/assets.example.js'] ||","            local.fs.readFileSync(__filename, 'utf8');","        local.assetsDict['/assets.npmtest_ionic.rollup.js'] =","            local.assetsDict['/assets.npmtest_ionic.rollup.js'] ||","            local.fs.readFileSync(","                // buildCustomOrg-hack","                local.npmtest_ionic.__dirname +","                    '/lib.npmtest_ionic.js',","                'utf8'","            ).replace((/^#!/), '//');","        local.assetsDict['/favicon.ico'] = local.assetsDict['/favicon.ico'] || '';","        // if $npm_config_timeout_exit exists,","        // then exit this process after $npm_config_timeout_exit ms","        if (Number(process.env.npm_config_timeout_exit)) {","            setTimeout(process.exit, Number(process.env.npm_config_timeout_exit));","        }","        // start server","        if (local.global.utility2_serverHttp1) {","            break;","        }","        process.env.PORT = process.env.PORT || '8081';","        console.error('server starting on port ' + process.env.PORT);","        local.http.createServer(function (request, response) {","            request.urlParsed = local.url.parse(request.url);","            if (local.assetsDict[request.urlParsed.pathname] !== undefined) {","                response.end(local.assetsDict[request.urlParsed.pathname]);","                return;","            }","            response.statusCode = 404;","            response.end();","        }).listen(process.env.PORT);","        break;","    }","}());",""],"l":{"26":2,"28":2,"33":2,"35":2,"37":2,"38":2,"39":2,"44":1,"51":2,"55":2,"59":2,"61":2,"69":1,"70":2,"76":2,"79":2,"82":2,"83":2,"85":1,"89":2,"92":1,"93":1,"94":1,"96":1,"97":1,"100":1,"101":1,"103":1,"106":1,"108":2,"114":1,"116":1,"118":1,"123":1,"124":2,"125":2,"126":2,"127":2,"128":2,"129":2,"130":1,"133":2,"134":2,"139":2,"143":1,"144":3,"145":1,"149":1,"150":1,"158":1,"160":1,"161":1,"162":1,"164":1,"166":1,"258":1,"259":1,"271":1,"274":6,"275":6,"277":1,"279":2,"281":1,"283":2,"288":1,"289":1,"291":1,"294":1,"302":1,"305":1,"306":1,"309":1,"310":1,"312":1,"313":1,"314":1,"315":1,"316":1,"317":1,"318":1,"320":1,"321":1,"323":1}},"/home/travis/build/npmtest/node-npmtest-ionic/node_modules/ionic/.eslintrc.js":{"path":"/home/travis/build/npmtest/node-npmtest-ionic/node_modules/ionic/.eslintrc.js","s":{"1":1},"b":{},"f":{},"fnMap":{},"statementMap":{"1":{"start":{"line":1,"column":0},"end":{"line":179,"column":2}}},"branchMap":{},"code":["module.exports = {","  env: {","    node: true,","    commonjs: true","  },","  plugins: [","    'no-use-extend-native'","  ],","  extends: 'eslint:recommended',","  rules: {","    'no-use-extend-native/no-use-extend-native': 2,","    eqeqeq: [","      \"error\",","      \"smart\"","    ],","    indent: [","      'error',","      2","    ],","    'linebreak-style': [","      'error',","      'unix'","    ],","    'lines-around-comment': [","      'error',","      {","        beforeLineComment: true","      }","    ],","    'spaced-comment': [","      'error',","      'always'","    ],","    'new-parens': 'error',","    'newline-per-chained-call': [","      'error',","      {","        ignoreChainWithDepth: 3","      }","    ],","    quotes: [","      'error',","      'single',","      {","        avoidEscape: true","      }","    ],","    semi: [","      'error',","      'always'","    ],","    'semi-spacing': [","      'error',","      {","        before: false,","        after: true","      }","    ],","    'brace-style': [","      'error',","      '1tbs',","      {","        allowSingleLine: true","      }","    ],","    camelcase: [","      'error',","      {","        properties: 'always'","      }","    ],","    \"no-console\": 0,","    \"no-extra-semi\": \"error\",","    \"no-lonely-if\": \"error\",","    \"no-underscore-dangle\": \"error\",","    \"no-spaced-func\": \"error\",","    \"space-before-function-paren\": [","      2,","      \"never\"","    ],","    'comma-style': [","      'error',","      'last'","    ],","    'comma-spacing': [","      'error',","      {","        before: false,","        after: true","      }","    ],","    'computed-property-spacing': [","      'error',","      'never'","    ],","    'func-style': [","      'error',","      'declaration',","      {","        allowArrowFunctions: true","      }","    ],","    'consistent-this': [","      'error',","      'self'","    ],","    'new-cap': [","      'error',","      {","        capIsNewExceptions: ['Q']","      }","    ],","    'no-console': 0,","    'array-bracket-spacing': [","      'error',","      'never'","    ],","    'object-curly-spacing': [","      'error',","      'always'","    ],","    'max-len': [","      'error',","      120,","      4,","      {","        ignoreUrls: true","      }","    ],","    'no-new-object': 'error',","    'quote-props': [","      'error',","      'as-needed'","    ],","    'block-spacing': 'error',","    'handle-callback-err': 'error',","    'no-new-require': 'error',","    'no-path-concat': 'error',","    'callback-return': 'error',","    'no-array-constructor': 'error',","    'no-useless-escape': 'error',","    'no-extra-semi': 'error',","    'no-lonely-if': 'error',","    'no-underscore-dangle': 'error',","    'no-spaced-func': 'error',","    'no-plusplus': 'error',","    'one-var-declaration-per-line': [","      'error',","      'always'","    ],","    'no-multiple-empty-lines': [","      'error',","      {","        max: 2","      }","    ],","    'guard-for-in': 'error',","    'keyword-spacing': [","      'error',","      {","        before: true,","        after: true","      }","    ],","    'space-before-function-paren': [","      2,","      'never'","    ],","    'space-before-blocks': [","      2,","      'always'","    ],","    'space-in-parens': [","      'error',","      'never'","    ],","    'space-infix-ops': 'error'","  }","};","",""],"l":{"1":1}},"/home/travis/build/npmtest/node-npmtest-ionic/node_modules/ionic/e2e/helpers.js":{"path":"/home/travis/build/npmtest/node-npmtest-ionic/node_modules/ionic/e2e/helpers.js","s":{"1":4,"2":4,"3":4,"4":4,"5":4,"6":0,"7":0,"8":0,"9":0,"10":0,"11":4,"12":4,"13":0,"14":0,"15":0,"16":0,"17":0,"18":0},"b":{"1":[0,0],"2":[0,0]},"f":{"1":0,"2":0,"3":0,"4":0},"fnMap":{"1":{"name":"(anonymous_1)","line":25,"loc":{"start":{"line":25,"column":24},"end":{"line":25,"column":41}}},"2":{"name":"(anonymous_2)","line":50,"loc":{"start":{"line":50,"column":11},"end":{"line":50,"column":22}}},"3":{"name":"(anonymous_3)","line":52,"loc":{"start":{"line":52,"column":13},"end":{"line":52,"column":24}}},"4":{"name":"(anonymous_4)","line":56,"loc":{"start":{"line":56,"column":21},"end":{"line":56,"column":32}}}},"statementMap":{"1":{"start":{"line":20,"column":0},"end":{"line":20,"column":27}},"2":{"start":{"line":21,"column":0},"end":{"line":21,"column":23}},"3":{"start":{"line":22,"column":0},"end":{"line":22,"column":31}},"4":{"start":{"line":23,"column":0},"end":{"line":23,"column":23}},"5":{"start":{"line":25,"column":0},"end":{"line":32,"column":2}},"6":{"start":{"line":26,"column":2},"end":{"line":26,"column":47}},"7":{"start":{"line":27,"column":2},"end":{"line":29,"column":3}},"8":{"start":{"line":28,"column":4},"end":{"line":28,"column":33}},"9":{"start":{"line":30,"column":2},"end":{"line":30,"column":25}},"10":{"start":{"line":31,"column":2},"end":{"line":31,"column":13}},"11":{"start":{"line":47,"column":0},"end":{"line":47,"column":40}},"12":{"start":{"line":50,"column":0},"end":{"line":63,"column":3}},"13":{"start":{"line":51,"column":2},"end":{"line":62,"column":5}},"14":{"start":{"line":53,"column":6},"end":{"line":53,"column":45}},"15":{"start":{"line":54,"column":6},"end":{"line":54,"column":22}},"16":{"start":{"line":56,"column":6},"end":{"line":58,"column":8}},"17":{"start":{"line":57,"column":8},"end":{"line":57,"column":71}},"18":{"start":{"line":60,"column":6},"end":{"line":60,"column":40}}},"branchMap":{"1":{"line":27,"type":"if","locations":[{"start":{"line":27,"column":2},"end":{"line":27,"column":2}},{"start":{"line":27,"column":2},"end":{"line":27,"column":2}}]},"2":{"line":53,"type":"cond-expr","locations":[{"start":{"line":53,"column":33},"end":{"line":53,"column":39}},{"start":{"line":53,"column":42},"end":{"line":53,"column":44}}]}},"code":["/**","    Licensed to the Apache Software Foundation (ASF) under one","    or more contributor license agreements.  See the NOTICE file","    distributed with this work for additional information","    regarding copyright ownership.  The ASF licenses this file","    to you under the Apache License, Version 2.0 (the","    \"License\"); you may not use this file except in compliance","    with the License.  You may obtain a copy of the License at","","    http://www.apache.org/licenses/LICENSE-2.0","","    Unless required by applicable law or agreed to in writing,","    software distributed under the License is distributed on an","    \"AS IS\" BASIS, WITHOUT WARRANTIES OR CONDITIONS OF ANY","    KIND, either express or implied.  See the License for the","    specific language governing permissions and limitations","    under the License.","*/","","var path = require('path');","var fs = require('fs');","var shell = require('shelljs');","var os = require('os');","","module.exports.tmpDir = function(subdir) {","  var dir = path.join(os.tmpdir(), 'e2e-test');","  if (subdir) {","    dir = path.join(dir, subdir);","  }","  shell.mkdir('-p', dir);","  return dir;","};","","// Returns the platform that should be used for testing on this host platform.","/*","var host = os.platform();","if (host.match(/win/)) {","    module.exports.testPlatform = 'wp8';","} else if (host.match(/darwin/)) {","    module.exports.testPlatform = 'ios';","} else {","    module.exports.testPlatform = 'android';","}","*/","","// Just use Android everywhere; we're mocking out any calls to the `android` binary.","module.exports.testPlatform = 'android';","","// Add the toExist matcher.","beforeEach(function() {","  this.addMatchers({","    toExist: function() {","      var notText = this.isNot ? ' not' : '';","      var self = this;","","      this.message = function() {","        return 'Expected file ' + self.actual + notText + ' to exist.';","      };","","      return fs.existsSync(this.actual);","    }","  });","});","",""],"l":{"20":4,"21":4,"22":4,"23":4,"25":4,"26":0,"27":0,"28":0,"30":0,"31":0,"47":4,"50":4,"51":0,"53":0,"54":0,"56":0,"57":0,"60":0}},"/home/travis/build/npmtest/node-npmtest-ionic/node_modules/ionic/node_modules/shelljs/shell.js":{"path":"/home/travis/build/npmtest/node-npmtest-ionic/node_modules/ionic/node_modules/shelljs/shell.js","s":{"1":1,"2":1,"3":1,"4":1,"5":1,"6":1,"7":1,"8":1,"9":1,"10":1,"11":1,"12":1,"13":1,"14":1,"15":1,"16":1,"17":1,"18":1,"19":1,"20":1,"21":1,"22":1,"23":1,"24":1,"25":1,"26":1,"27":1,"28":1,"29":1,"30":1,"31":1,"32":1,"33":1,"34":1,"35":1,"36":1,"37":1,"38":1,"39":1,"40":1,"41":1,"42":1,"43":1,"44":1,"45":1,"46":1,"47":1,"48":1,"49":1,"50":1},"b":{},"f":{},"fnMap":{},"statementMap":{"1":{"start":{"line":9,"column":0},"end":{"line":9,"column":37}},"2":{"start":{"line":17,"column":0},"end":{"line":17,"column":30}},"3":{"start":{"line":18,"column":0},"end":{"line":18,"column":36}},"4":{"start":{"line":21,"column":0},"end":{"line":21,"column":32}},"5":{"start":{"line":22,"column":0},"end":{"line":22,"column":39}},"6":{"start":{"line":25,"column":0},"end":{"line":25,"column":30}},"7":{"start":{"line":26,"column":0},"end":{"line":26,"column":36}},"8":{"start":{"line":29,"column":0},"end":{"line":29,"column":34}},"9":{"start":{"line":30,"column":0},"end":{"line":30,"column":42}},"10":{"start":{"line":33,"column":0},"end":{"line":33,"column":30}},"11":{"start":{"line":34,"column":0},"end":{"line":34,"column":36}},"12":{"start":{"line":37,"column":0},"end":{"line":37,"column":30}},"13":{"start":{"line":38,"column":0},"end":{"line":38,"column":36}},"14":{"start":{"line":41,"column":0},"end":{"line":41,"column":30}},"15":{"start":{"line":42,"column":0},"end":{"line":42,"column":36}},"16":{"start":{"line":45,"column":0},"end":{"line":45,"column":36}},"17":{"start":{"line":46,"column":0},"end":{"line":46,"column":45}},"18":{"start":{"line":49,"column":0},"end":{"line":49,"column":34}},"19":{"start":{"line":50,"column":0},"end":{"line":50,"column":42}},"20":{"start":{"line":53,"column":0},"end":{"line":53,"column":32}},"21":{"start":{"line":54,"column":0},"end":{"line":54,"column":39}},"22":{"start":{"line":57,"column":0},"end":{"line":57,"column":30}},"23":{"start":{"line":58,"column":0},"end":{"line":58,"column":45}},"24":{"start":{"line":61,"column":0},"end":{"line":61,"column":36}},"25":{"start":{"line":62,"column":0},"end":{"line":62,"column":54}},"26":{"start":{"line":65,"column":0},"end":{"line":65,"column":32}},"27":{"start":{"line":66,"column":0},"end":{"line":66,"column":39}},"28":{"start":{"line":69,"column":0},"end":{"line":69,"column":34}},"29":{"start":{"line":70,"column":0},"end":{"line":70,"column":42}},"30":{"start":{"line":73,"column":0},"end":{"line":73,"column":36}},"31":{"start":{"line":74,"column":0},"end":{"line":74,"column":45}},"32":{"start":{"line":77,"column":0},"end":{"line":77,"column":34}},"33":{"start":{"line":78,"column":0},"end":{"line":78,"column":21}},"34":{"start":{"line":81,"column":0},"end":{"line":81,"column":39}},"35":{"start":{"line":82,"column":0},"end":{"line":82,"column":42}},"36":{"start":{"line":83,"column":0},"end":{"line":83,"column":41}},"37":{"start":{"line":84,"column":0},"end":{"line":84,"column":45}},"38":{"start":{"line":85,"column":0},"end":{"line":85,"column":39}},"39":{"start":{"line":86,"column":0},"end":{"line":86,"column":42}},"40":{"start":{"line":91,"column":0},"end":{"line":91,"column":28}},"41":{"start":{"line":96,"column":0},"end":{"line":96,"column":26}},"42":{"start":{"line":99,"column":0},"end":{"line":99,"column":34}},"43":{"start":{"line":100,"column":0},"end":{"line":100,"column":58}},"44":{"start":{"line":103,"column":0},"end":{"line":103,"column":36}},"45":{"start":{"line":104,"column":0},"end":{"line":104,"column":45}},"46":{"start":{"line":113,"column":0},"end":{"line":113,"column":40}},"47":{"start":{"line":114,"column":0},"end":{"line":114,"column":51}},"48":{"start":{"line":118,"column":0},"end":{"line":118,"column":36}},"49":{"start":{"line":119,"column":0},"end":{"line":119,"column":23}},"50":{"start":{"line":127,"column":0},"end":{"line":127,"column":31}}},"branchMap":{},"code":["//","// ShellJS","// Unix shell commands on top of Node's API","//","// Copyright (c) 2012 Artur Adib","// http://github.com/arturadib/shelljs","//","","var common = require('./src/common');","","","//@","//@ All commands run synchronously, unless otherwise stated.","//@","","//@include ./src/cd","var _cd = require('./src/cd');","exports.cd = common.wrap('cd', _cd);","","//@include ./src/pwd","var _pwd = require('./src/pwd');","exports.pwd = common.wrap('pwd', _pwd);","","//@include ./src/ls","var _ls = require('./src/ls');","exports.ls = common.wrap('ls', _ls);","","//@include ./src/find","var _find = require('./src/find');","exports.find = common.wrap('find', _find);","","//@include ./src/cp","var _cp = require('./src/cp');","exports.cp = common.wrap('cp', _cp);","","//@include ./src/rm","var _rm = require('./src/rm');","exports.rm = common.wrap('rm', _rm);","","//@include ./src/mv","var _mv = require('./src/mv');","exports.mv = common.wrap('mv', _mv);","","//@include ./src/mkdir","var _mkdir = require('./src/mkdir');","exports.mkdir = common.wrap('mkdir', _mkdir);","","//@include ./src/test","var _test = require('./src/test');","exports.test = common.wrap('test', _test);","","//@include ./src/cat","var _cat = require('./src/cat');","exports.cat = common.wrap('cat', _cat);","","//@include ./src/to","var _to = require('./src/to');","String.prototype.to = common.wrap('to', _to);","","//@include ./src/toEnd","var _toEnd = require('./src/toEnd');","String.prototype.toEnd = common.wrap('toEnd', _toEnd);","","//@include ./src/sed","var _sed = require('./src/sed');","exports.sed = common.wrap('sed', _sed);","","//@include ./src/grep","var _grep = require('./src/grep');","exports.grep = common.wrap('grep', _grep);","","//@include ./src/which","var _which = require('./src/which');","exports.which = common.wrap('which', _which);","","//@include ./src/echo","var _echo = require('./src/echo');","exports.echo = _echo; // don't common.wrap() as it could parse '-options'","","//@include ./src/dirs","var _dirs = require('./src/dirs').dirs;","exports.dirs = common.wrap(\"dirs\", _dirs);","var _pushd = require('./src/dirs').pushd;","exports.pushd = common.wrap('pushd', _pushd);","var _popd = require('./src/dirs').popd;","exports.popd = common.wrap(\"popd\", _popd);","","//@","//@ ### exit(code)","//@ Exits the current process with the given exit code.","exports.exit = process.exit;","","//@","//@ ### env['VAR_NAME']","//@ Object containing environment variables (both getter and setter). Shortcut to process.env.","exports.env = process.env;","","//@include ./src/exec","var _exec = require('./src/exec');","exports.exec = common.wrap('exec', _exec, {notUnix:true});","","//@include ./src/chmod","var _chmod = require('./src/chmod');","exports.chmod = common.wrap('chmod', _chmod);","","","","//@","//@ ## Non-Unix commands","//@","","//@include ./src/tempdir","var _tempDir = require('./src/tempdir');","exports.tempdir = common.wrap('tempdir', _tempDir);","","","//@include ./src/error","var _error = require('./src/error');","exports.error = _error;","","","","//@","//@ ## Configuration","//@","","exports.config = common.config;","","//@","//@ ### config.silent","//@ Example:","//@","//@ ```javascript","//@ var silentState = config.silent; // save old silent state","//@ config.silent = true;","//@ /* ... */","//@ config.silent = silentState; // restore old silent state","//@ ```","//@","//@ Suppresses all command output if `true`, except for `echo()` calls.","//@ Default is `false`.","","//@","//@ ### config.fatal","//@ Example:","//@","//@ ```javascript","//@ config.fatal = true;","//@ cp('this_file_does_not_exist', '/dev/null'); // dies here","//@ /* more commands... */","//@ ```","//@","//@ If `true` the script will die on errors. Default is `false`.",""],"l":{"9":1,"17":1,"18":1,"21":1,"22":1,"25":1,"26":1,"29":1,"30":1,"33":1,"34":1,"37":1,"38":1,"41":1,"42":1,"45":1,"46":1,"49":1,"50":1,"53":1,"54":1,"57":1,"58":1,"61":1,"62":1,"65":1,"66":1,"69":1,"70":1,"73":1,"74":1,"77":1,"78":1,"81":1,"82":1,"83":1,"84":1,"85":1,"86":1,"91":1,"96":1,"99":1,"100":1,"103":1,"104":1,"113":1,"114":1,"118":1,"119":1,"127":1}},"/home/travis/build/npmtest/node-npmtest-ionic/node_modules/ionic/node_modules/shelljs/src/common.js":{"path":"/home/travis/build/npmtest/node-npmtest-ionic/node_modules/ionic/node_modules/shelljs/src/common.js","s":{"1":1,"2":1,"3":1,"4":1,"5":1,"6":1,"7":1,"8":1,"9":1,"10":1,"11":0,"12":0,"13":1,"14":1,"15":0,"16":0,"17":0,"18":0,"19":0,"20":0,"21":0,"22":0,"23":0,"24":1,"25":1,"26":0,"27":1,"28":1,"29":0,"30":0,"31":0,"32":0,"33":0,"34":0,"35":0,"36":0,"37":0,"38":0,"39":0,"40":0,"41":0,"42":0,"43":0,"44":0,"45":0,"46":0,"47":1,"48":1,"49":0,"50":0,"51":0,"52":0,"53":0,"54":0,"55":0,"56":1,"57":1,"58":0,"59":0,"60":0,"61":0,"62":0,"63":0,"64":1,"65":1,"66":1,"67":0,"68":0,"69":0,"70":0,"71":0,"72":0,"73":0,"74":1,"75":1,"76":0,"77":0,"78":0,"79":0,"80":0,"81":1,"82":1,"83":21,"84":0,"85":0,"86":0,"87":0,"88":0,"89":0,"90":0,"91":0,"92":0,"93":0,"94":0,"95":0,"96":0,"97":0,"98":0,"99":0,"100":0,"101":0,"102":1},"b":{"1":[0,1],"2":[0,0],"3":[0,0],"4":[0,0],"5":[0,0],"6":[0,0],"7":[0,0],"8":[0,0],"9":[0,0],"10":[0,0],"11":[0,0],"12":[0,0],"13":[0,0],"14":[0,0],"15":[0,0],"16":[0,0],"17":[0,0],"18":[0,0,0],"19":[0,0],"20":[0,0],"21":[0,0]},"f":{"1":0,"2":0,"3":0,"4":0,"5":0,"6":0,"7":0,"8":0,"9":0,"10":0,"11":0,"12":0,"13":0,"14":21,"15":0},"fnMap":{"1":{"name":"log","line":22,"loc":{"start":{"line":22,"column":0},"end":{"line":22,"column":15}}},"2":{"name":"error","line":29,"loc":{"start":{"line":29,"column":0},"end":{"line":29,"column":31}}},"3":{"name":"ShellString","line":47,"loc":{"start":{"line":47,"column":0},"end":{"line":47,"column":26}}},"4":{"name":"parseOptions","line":54,"loc":{"start":{"line":54,"column":0},"end":{"line":54,"column":32}}},"5":{"name":"(anonymous_5)","line":77,"loc":{"start":{"line":77,"column":16},"end":{"line":77,"column":28}}},"6":{"name":"expand","line":92,"loc":{"start":{"line":92,"column":0},"end":{"line":92,"column":22}}},"7":{"name":"(anonymous_7)","line":94,"loc":{"start":{"line":94,"column":15},"end":{"line":94,"column":32}}},"8":{"name":"(anonymous_8)","line":97,"loc":{"start":{"line":97,"column":30},"end":{"line":97,"column":45}}},"9":{"name":"unlinkSync","line":110,"loc":{"start":{"line":110,"column":0},"end":{"line":110,"column":26}}},"10":{"name":"randomFileName","line":126,"loc":{"start":{"line":126,"column":0},"end":{"line":126,"column":26}}},"11":{"name":"randomHash","line":127,"loc":{"start":{"line":127,"column":2},"end":{"line":127,"column":29}}},"12":{"name":"extend","line":145,"loc":{"start":{"line":145,"column":0},"end":{"line":145,"column":24}}},"13":{"name":"(anonymous_13)","line":147,"loc":{"start":{"line":147,"column":18},"end":{"line":147,"column":35}}},"14":{"name":"wrap","line":157,"loc":{"start":{"line":157,"column":0},"end":{"line":157,"column":32}}},"15":{"name":"(anonymous_15)","line":158,"loc":{"start":{"line":158,"column":9},"end":{"line":158,"column":20}}}},"statementMap":{"1":{"start":{"line":1,"column":0},"end":{"line":1,"column":23}},"2":{"start":{"line":2,"column":0},"end":{"line":2,"column":23}},"3":{"start":{"line":3,"column":0},"end":{"line":3,"column":26}},"4":{"start":{"line":6,"column":0},"end":{"line":9,"column":2}},"5":{"start":{"line":10,"column":0},"end":{"line":10,"column":24}},"6":{"start":{"line":12,"column":0},"end":{"line":16,"column":2}},"7":{"start":{"line":17,"column":0},"end":{"line":17,"column":22}},"8":{"start":{"line":19,"column":0},"end":{"line":19,"column":56}},"9":{"start":{"line":20,"column":0},"end":{"line":20,"column":28}},"10":{"start":{"line":22,"column":0},"end":{"line":25,"column":1}},"11":{"start":{"line":23,"column":2},"end":{"line":24,"column":39}},"12":{"start":{"line":24,"column":4},"end":{"line":24,"column":39}},"13":{"start":{"line":26,"column":0},"end":{"line":26,"column":18}},"14":{"start":{"line":29,"column":0},"end":{"line":42,"column":1}},"15":{"start":{"line":30,"column":2},"end":{"line":31,"column":21}},"16":{"start":{"line":31,"column":4},"end":{"line":31,"column":21}},"17":{"start":{"line":32,"column":2},"end":{"line":32,"column":54}},"18":{"start":{"line":34,"column":2},"end":{"line":35,"column":21}},"19":{"start":{"line":35,"column":4},"end":{"line":35,"column":21}},"20":{"start":{"line":37,"column":2},"end":{"line":38,"column":20}},"21":{"start":{"line":38,"column":4},"end":{"line":38,"column":20}},"22":{"start":{"line":40,"column":2},"end":{"line":41,"column":13}},"23":{"start":{"line":41,"column":4},"end":{"line":41,"column":13}},"24":{"start":{"line":43,"column":0},"end":{"line":43,"column":22}},"25":{"start":{"line":47,"column":0},"end":{"line":49,"column":1}},"26":{"start":{"line":48,"column":2},"end":{"line":48,"column":13}},"27":{"start":{"line":50,"column":0},"end":{"line":50,"column":34}},"28":{"start":{"line":54,"column":0},"end":{"line":85,"column":1}},"29":{"start":{"line":55,"column":2},"end":{"line":56,"column":57}},"30":{"start":{"line":56,"column":4},"end":{"line":56,"column":57}},"31":{"start":{"line":59,"column":2},"end":{"line":59,"column":19}},"32":{"start":{"line":60,"column":2},"end":{"line":61,"column":33}},"33":{"start":{"line":61,"column":4},"end":{"line":61,"column":33}},"34":{"start":{"line":63,"column":2},"end":{"line":64,"column":19}},"35":{"start":{"line":64,"column":4},"end":{"line":64,"column":19}},"36":{"start":{"line":66,"column":2},"end":{"line":67,"column":54}},"37":{"start":{"line":67,"column":4},"end":{"line":67,"column":54}},"38":{"start":{"line":70,"column":2},"end":{"line":70,"column":35}},"39":{"start":{"line":71,"column":2},"end":{"line":72,"column":19}},"40":{"start":{"line":72,"column":4},"end":{"line":72,"column":19}},"41":{"start":{"line":75,"column":2},"end":{"line":75,"column":33}},"42":{"start":{"line":77,"column":2},"end":{"line":82,"column":5}},"43":{"start":{"line":78,"column":4},"end":{"line":81,"column":41}},"44":{"start":{"line":79,"column":6},"end":{"line":79,"column":29}},"45":{"start":{"line":81,"column":6},"end":{"line":81,"column":41}},"46":{"start":{"line":84,"column":2},"end":{"line":84,"column":17}},"47":{"start":{"line":86,"column":0},"end":{"line":86,"column":36}},"48":{"start":{"line":92,"column":0},"end":{"line":105,"column":1}},"49":{"start":{"line":93,"column":2},"end":{"line":93,"column":20}},"50":{"start":{"line":94,"column":2},"end":{"line":103,"column":5}},"51":{"start":{"line":96,"column":4},"end":{"line":102,"column":5}},"52":{"start":{"line":97,"column":6},"end":{"line":99,"column":9}},"53":{"start":{"line":98,"column":8},"end":{"line":98,"column":28}},"54":{"start":{"line":101,"column":6},"end":{"line":101,"column":28}},"55":{"start":{"line":104,"column":2},"end":{"line":104,"column":18}},"56":{"start":{"line":106,"column":0},"end":{"line":106,"column":24}},"57":{"start":{"line":110,"column":0},"end":{"line":122,"column":1}},"58":{"start":{"line":111,"column":2},"end":{"line":121,"column":3}},"59":{"start":{"line":112,"column":4},"end":{"line":112,"column":24}},"60":{"start":{"line":115,"column":4},"end":{"line":120,"column":5}},"61":{"start":{"line":116,"column":6},"end":{"line":116,"column":33}},"62":{"start":{"line":117,"column":6},"end":{"line":117,"column":26}},"63":{"start":{"line":119,"column":6},"end":{"line":119,"column":14}},"64":{"start":{"line":123,"column":0},"end":{"line":123,"column":32}},"65":{"start":{"line":126,"column":0},"end":{"line":139,"column":1}},"66":{"start":{"line":127,"column":2},"end":{"line":136,"column":3}},"67":{"start":{"line":128,"column":4},"end":{"line":135,"column":5}},"68":{"start":{"line":129,"column":6},"end":{"line":129,"column":57}},"69":{"start":{"line":131,"column":6},"end":{"line":131,"column":20}},"70":{"start":{"line":132,"column":6},"end":{"line":133,"column":30}},"71":{"start":{"line":133,"column":8},"end":{"line":133,"column":30}},"72":{"start":{"line":134,"column":6},"end":{"line":134,"column":18}},"73":{"start":{"line":138,"column":2},"end":{"line":138,"column":35}},"74":{"start":{"line":140,"column":0},"end":{"line":140,"column":40}},"75":{"start":{"line":145,"column":0},"end":{"line":153,"column":1}},"76":{"start":{"line":146,"column":2},"end":{"line":146,"column":44}},"77":{"start":{"line":147,"column":2},"end":{"line":150,"column":5}},"78":{"start":{"line":148,"column":4},"end":{"line":149,"column":32}},"79":{"start":{"line":149,"column":6},"end":{"line":149,"column":32}},"80":{"start":{"line":152,"column":2},"end":{"line":152,"column":16}},"81":{"start":{"line":154,"column":0},"end":{"line":154,"column":24}},"82":{"start":{"line":157,"column":0},"end":{"line":188,"column":1}},"83":{"start":{"line":158,"column":2},"end":{"line":187,"column":4}},"84":{"start":{"line":159,"column":4},"end":{"line":159,"column":24}},"85":{"start":{"line":161,"column":4},"end":{"line":161,"column":27}},"86":{"start":{"line":162,"column":4},"end":{"line":162,"column":23}},"87":{"start":{"line":164,"column":4},"end":{"line":183,"column":5}},"88":{"start":{"line":165,"column":6},"end":{"line":165,"column":45}},"89":{"start":{"line":167,"column":6},"end":{"line":173,"column":7}},"90":{"start":{"line":168,"column":8},"end":{"line":168,"column":40}},"91":{"start":{"line":170,"column":8},"end":{"line":171,"column":27}},"92":{"start":{"line":171,"column":10},"end":{"line":171,"column":27}},"93":{"start":{"line":172,"column":8},"end":{"line":172,"column":40}},"94":{"start":{"line":175,"column":6},"end":{"line":180,"column":7}},"95":{"start":{"line":177,"column":8},"end":{"line":177,"column":48}},"96":{"start":{"line":178,"column":8},"end":{"line":178,"column":34}},"97":{"start":{"line":179,"column":8},"end":{"line":179,"column":24}},"98":{"start":{"line":181,"column":6},"end":{"line":182,"column":16}},"99":{"start":{"line":182,"column":8},"end":{"line":182,"column":16}},"100":{"start":{"line":185,"column":4},"end":{"line":185,"column":34}},"101":{"start":{"line":186,"column":4},"end":{"line":186,"column":20}},"102":{"start":{"line":189,"column":0},"end":{"line":189,"column":20}}},"branchMap":{"1":{"line":19,"type":"cond-expr","locations":[{"start":{"line":19,"column":41},"end":{"line":19,"column":46}},{"start":{"line":19,"column":49},"end":{"line":19,"column":55}}]},"2":{"line":23,"type":"if","locations":[{"start":{"line":23,"column":2},"end":{"line":23,"column":2}},{"start":{"line":23,"column":2},"end":{"line":23,"column":2}}]},"3":{"line":30,"type":"if","locations":[{"start":{"line":30,"column":2},"end":{"line":30,"column":2}},{"start":{"line":30,"column":2},"end":{"line":30,"column":2}}]},"4":{"line":34,"type":"if","locations":[{"start":{"line":34,"column":2},"end":{"line":34,"column":2}},{"start":{"line":34,"column":2},"end":{"line":34,"column":2}}]},"5":{"line":37,"type":"if","locations":[{"start":{"line":37,"column":2},"end":{"line":37,"column":2}},{"start":{"line":37,"column":2},"end":{"line":37,"column":2}}]},"6":{"line":40,"type":"if","locations":[{"start":{"line":40,"column":2},"end":{"line":40,"column":2}},{"start":{"line":40,"column":2},"end":{"line":40,"column":2}}]},"7":{"line":55,"type":"if","locations":[{"start":{"line":55,"column":2},"end":{"line":55,"column":2}},{"start":{"line":55,"column":2},"end":{"line":55,"column":2}}]},"8":{"line":63,"type":"if","locations":[{"start":{"line":63,"column":2},"end":{"line":63,"column":2}},{"start":{"line":63,"column":2},"end":{"line":63,"column":2}}]},"9":{"line":66,"type":"if","locations":[{"start":{"line":66,"column":2},"end":{"line":66,"column":2}},{"start":{"line":66,"column":2},"end":{"line":66,"column":2}}]},"10":{"line":71,"type":"if","locations":[{"start":{"line":71,"column":2},"end":{"line":71,"column":2}},{"start":{"line":71,"column":2},"end":{"line":71,"column":2}}]},"11":{"line":78,"type":"if","locations":[{"start":{"line":78,"column":4},"end":{"line":78,"column":4}},{"start":{"line":78,"column":4},"end":{"line":78,"column":4}}]},"12":{"line":96,"type":"if","locations":[{"start":{"line":96,"column":4},"end":{"line":96,"column":4}},{"start":{"line":96,"column":4},"end":{"line":96,"column":4}}]},"13":{"line":115,"type":"if","locations":[{"start":{"line":115,"column":4},"end":{"line":115,"column":4}},{"start":{"line":115,"column":4},"end":{"line":115,"column":4}}]},"14":{"line":128,"type":"if","locations":[{"start":{"line":128,"column":4},"end":{"line":128,"column":4}},{"start":{"line":128,"column":4},"end":{"line":128,"column":4}}]},"15":{"line":167,"type":"if","locations":[{"start":{"line":167,"column":6},"end":{"line":167,"column":6}},{"start":{"line":167,"column":6},"end":{"line":167,"column":6}}]},"16":{"line":167,"type":"binary-expr","locations":[{"start":{"line":167,"column":10},"end":{"line":167,"column":17}},{"start":{"line":167,"column":21},"end":{"line":167,"column":36}}]},"17":{"line":170,"type":"if","locations":[{"start":{"line":170,"column":8},"end":{"line":170,"column":8}},{"start":{"line":170,"column":8},"end":{"line":170,"column":8}}]},"18":{"line":170,"type":"binary-expr","locations":[{"start":{"line":170,"column":12},"end":{"line":170,"column":29}},{"start":{"line":170,"column":33},"end":{"line":170,"column":60}},{"start":{"line":170,"column":64},"end":{"line":170,"column":82}}]},"19":{"line":175,"type":"if","locations":[{"start":{"line":175,"column":6},"end":{"line":175,"column":6}},{"start":{"line":175,"column":6},"end":{"line":175,"column":6}}]},"20":{"line":178,"type":"binary-expr","locations":[{"start":{"line":178,"column":20},"end":{"line":178,"column":27}},{"start":{"line":178,"column":31},"end":{"line":178,"column":32}}]},"21":{"line":181,"type":"if","locations":[{"start":{"line":181,"column":6},"end":{"line":181,"column":6}},{"start":{"line":181,"column":6},"end":{"line":181,"column":6}}]}},"code":["var os = require('os');","var fs = require('fs');","var _ls = require('./ls');","","// Module globals","var config = {","  silent: false,","  fatal: false","};","exports.config = config;","","var state = {","  error: null,","  currentCmd: 'shell.js',","  tempDir: null","};","exports.state = state;","","var platform = os.type().match(/^Win/) ? 'win' : 'unix';","exports.platform = platform;","","function log() {","  if (!config.silent)","    console.log.apply(this, arguments);","}","exports.log = log;","","// Shows error message. Throws unless _continue or config.fatal are true","function error(msg, _continue) {","  if (state.error === null)","    state.error = '';","  state.error += state.currentCmd + ': ' + msg + '\\n';","","  if (msg.length > 0)","    log(state.error);","","  if (config.fatal)","    process.exit(1)
[...]
R_EXEC  : base.EXEC,","    OTHER_WRITE : base.WRITE,","    OTHER_READ  : base.READ,","","    GROUP_EXEC  : base.EXEC  << 3,","    GROUP_WRITE : base.WRITE << 3,","    GROUP_READ  : base.READ << 3,","","    OWNER_EXEC  : base.EXEC << 6,","    OWNER_WRITE : base.WRITE << 6,","    OWNER_READ  : base.READ << 6,","","    // Literal octal numbers are apparently not allowed in \"strict\" javascript.  Using parseInt is","    // the preferred way, else a jshint warning is thrown.","    STICKY      : parseInt('01000', 8),","    SETGID      : parseInt('02000', 8),","    SETUID      : parseInt('04000', 8),","","    TYPE_MASK   : parseInt('0770000', 8)","  };","})({","  EXEC  : 1,","  WRITE : 2,","  READ  : 4","});","","//@","//@ ### chmod(octal_mode || octal_string, file)","//@ ### chmod(symbolic_mode, file)","//@","//@ Available options:","//@","//@ + `-v`: output a diagnostic for every file processed//@","//@ + `-c`: like verbose but report only when a change is made//@","//@ + `-R`: change files and directories recursively//@","//@","//@ Examples:","//@","//@ ```javascript","//@ chmod(755, '/Users/brandon');","//@ chmod('755', '/Users/brandon'); // same as above","//@ chmod('u+x', '/Users/brandon');","//@ ```","//@","//@ Alters the permissions of a file or directory by either specifying the","//@ absolute permissions in octal form or expressing the changes in symbols.","//@ This command tries to mimic the POSIX behavior as much as possible.","//@ Notable exceptions:","//@","//@ + In symbolic modes, 'a-r' and '-r' are identical.  No consideration is","//@   given to the umask.","//@ + There is no \"quiet\" option since default behavior is to run silent.","function _chmod(options, mode, filePattern) {","  if (!filePattern) {","    if (options.length > 0 && options.charAt(0) === '-') {","      // Special case where the specified file permissions started with - to subtract perms, which","      // get picked up by the option parser as command flags.","      // If we are down by one argument and options starts with -, shift everything over.","      filePattern = mode;","      mode = options;","      options = '';","    }","    else {","      common.error('You must specify a file.');","    }","  }","","  options = common.parseOptions(options, {","    'R': 'recursive',","    'c': 'changes',","    'v': 'verbose'","  });","","  if (typeof filePattern === 'string') {","    filePattern = [ filePattern ];","  }","","  var files;","","  if (options.recursive) {","    files = [];","    common.expand(filePattern).forEach(function addFile(expandedFile) {","      var stat = fs.lstatSync(expandedFile);","","      if (!stat.isSymbolicLink()) {","        files.push(expandedFile);","","        if (stat.isDirectory()) {  // intentionally does not follow symlinks.","          fs.readdirSync(expandedFile).forEach(function (child) {","            addFile(expandedFile + '/' + child);","          });","        }","      }","    });","  }","  else {","    files = common.expand(filePattern);","  }","","  files.forEach(function innerChmod(file) {","    file = path.resolve(file);","    if (!fs.existsSync(file)) {","      common.error('File not found: ' + file);","    }","","    // When recursing, don't follow symlinks.","    if (options.recursive && fs.lstatSync(file).isSymbolicLink()) {","      return;","    }","","    var perms = fs.statSync(file).mode;","    var type = perms & PERMS.TYPE_MASK;","","    var newPerms = perms;","","    if (isNaN(parseInt(mode, 8))) {","      // parse options","      mode.split(',').forEach(function (symbolicMode) {","        /*jshint regexdash:true */","        var pattern = /([ugoa]*)([=\\+-])([rwxXst]*)/i;","        var matches = pattern.exec(symbolicMode);","","        if (matches) {","          var applyTo = matches[1];","          var operator = matches[2];","          var change = matches[3];","","          var changeOwner = applyTo.indexOf('u') != -1 || applyTo === 'a' || applyTo === '';","          var changeGroup = applyTo.indexOf('g') != -1 || applyTo === 'a' || applyTo === '';","          var changeOther = applyTo.indexOf('o') != -1 || applyTo === 'a' || applyTo === '';","","          var changeRead   = change.indexOf('r') != -1;","          var changeWrite  = change.indexOf('w') != -1;","          var changeExec   = change.indexOf('x') != -1;","          var changeSticky = change.indexOf('t') != -1;","          var changeSetuid = change.indexOf('s') != -1;","","          var mask = 0;","          if (changeOwner) {","            mask |= (changeRead ? PERMS.OWNER_READ : 0) + (changeWrite ? PERMS.OWNER_WRITE : 0) + (changeExec ? PERMS.OWNER_EXEC : 0) + (changeSetuid ? PERMS.SETUID : 0);","          }","          if (changeGroup) {","            mask |= (changeRead ? PERMS.GROUP_READ : 0) + (changeWrite ? PERMS.GROUP_WRITE : 0) + (changeExec ? PERMS.GROUP_EXEC : 0) + (changeSetuid ? PERMS.SETGID : 0);","          }","          if (changeOther) {","            mask |= (changeRead ? PERMS.OTHER_READ : 0) + (changeWrite ? PERMS.OTHER_WRITE : 0) + (changeExec ? PERMS.OTHER_EXEC : 0);","          }","","          // Sticky bit is special - it's not tied to user, group or other.","          if (changeSticky) {","            mask |= PERMS.STICKY;","          }","","          switch (operator) {","            case '+':","              newPerms |= mask;","              break;","","            case '-':","              newPerms &= ~mask;","              break;","","            case '=':","              newPerms = type + mask;","","              // According to POSIX, when using = to explicitly set the permissions, setuid and setgid can never be cleared.","              if (fs.statSync(file).isDirectory()) {","                newPerms |= (PERMS.SETUID + PERMS.SETGID) & perms;","              }","              break;","          }","","          if (options.verbose) {","            log(file + ' -> ' + newPerms.toString(8));","          }","","          if (perms != newPerms) {","            if (!options.verbose && options.changes) {","              log(file + ' -> ' + newPerms.toString(8));","            }","            fs.chmodSync(file, newPerms);","          }","        }","        else {","          common.error('Invalid symbolic mode change: ' + symbolicMode);","        }","      });","    }","    else {","      // they gave us a full number","      newPerms = type + parseInt(mode, 8);","","      // POSIX rules are that setuid and setgid can only be added using numeric form, but not cleared.","      if (fs.statSync(file).isDirectory()) {","        newPerms |= (PERMS.SETUID + PERMS.SETGID) & perms;","      }","","      fs.chmodSync(file, newPerms);","    }","  });","}","module.exports = _chmod;",""],"l":{"1":1,"2":1,"3":1,"5":1,"6":1,"59":1,"60":0,"61":0,"65":0,"66":0,"67":0,"70":0,"74":0,"80":0,"81":0,"84":0,"86":0,"87":0,"88":0,"89":0,"91":0,"92":0,"94":0,"95":0,"96":0,"103":0,"106":0,"107":0,"108":0,"109":0,"113":0,"114":0,"117":0,"118":0,"120":0,"122":0,"124":0,"126":0,"127":0,"129":0,"130":0,"131":0,"132":0,"134":0,"135":0,"136":0,"138":0,"139":0,"140":0,"141":0,"142":0,"144":0,"145":0,"146":0,"148":0,"149":0,"151":0,"152":0,"156":0,"157":0,"160":0,"162":0,"163":0,"166":0,"167":0,"170":0,"173":0,"174":0,"176":0,"179":0,"180":0,"183":0,"184":0,"185":0,"187":0,"191":0,"197":0,"200":0,"201":0,"204":0,"208":1}},"/home/travis/build/npmtest/node-npmtest-ionic/node_modules/ionic/node_modules/shelljs/src/error.js":{"path":"/home/travis/build/npmtest/node-npmtest-ionic/node_modules/ionic/node_modules/shelljs/src/error.js","s":{"1":1,"2":1,"3":0,"4":1},"b":{},"f":{"1":0},"fnMap":{"1":{"name":"error","line":7,"loc":{"start":{"line":7,"column":0},"end":{"line":7,"column":17}}}},"statementMap":{"1":{"start":{"line":1,"column":0},"end":{"line":1,"column":33}},"2":{"start":{"line":7,"column":0},"end":{"line":9,"column":1}},"3":{"start":{"line":8,"column":2},"end":{"line":8,"column":28}},"4":{"start":{"line":10,"column":0},"end":{"line":10,"column":23}}},"branchMap":{},"code":["var common = require('./common');","","//@","//@ ### error()","//@ Tests if error occurred in the last command. Returns `null` if no error occurred,","//@ otherwise returns string explaining the error","function error() {","  return common.state.error;","};","module.exports = error;",""],"l":{"1":1,"7":1,"8":0,"10":1}},"/home/travis/build/npmtest/node-npmtest-ionic/node_modules/ionic/e2e/shell.spec.js":{"path":"/home/travis/build/npmtest/node-npmtest-ionic/node_modules/ionic/e2e/shell.spec.js","s":{"1":2,"2":0,"3":0,"4":0,"5":0,"6":0,"7":0,"8":0,"9":0,"10":0,"11":0,"12":0,"13":0,"14":0,"15":0,"16":0,"17":0,"18":0,"19":0,"20":0,"21":0,"22":0,"23":0,"24":0,"25":0,"26":0,"27":0,"28":0,"29":0,"30":0},"b":{},"f":{"1":0,"2":0,"3":0,"4":0,"5":0,"6":0},"fnMap":{"1":{"name":"(anonymous_1)","line":22,"loc":{"start":{"line":22,"column":23},"end":{"line":22,"column":34}}},"2":{"name":"(anonymous_2)","line":23,"loc":{"start":{"line":23,"column":13},"end":{"line":23,"column":24}}},"3":{"name":"(anonymous_3)","line":29,"loc":{"start":{"line":29,"column":60},"end":{"line":29,"column":71}}},"4":{"name":"(anonymous_4)","line":38,"loc":{"start":{"line":38,"column":12},"end":{"line":38,"column":23}}},"5":{"name":"(anonymous_5)","line":44,"loc":{"start":{"line":44,"column":21},"end":{"line":44,"column":32}}},"6":{"name":"(anonymous_6)","line":45,"loc":{"start":{"line":45,"column":52},"end":{"line":45,"column":63}}}},"statementMap":{"1":{"start":{"line":1,"column":0},"end":{"line":1,"column":35}},"2":{"start":{"line":2,"column":0},"end":{"line":2,"column":27}},"3":{"start":{"line":3,"column":0},"end":{"line":3,"column":31}},"4":{"start":{"line":5,"column":0},"end":{"line":5,"column":43}},"5":{"start":{"line":7,"column":0},"end":{"line":7,"column":43}},"6":{"start":{"line":8,"column":0},"end":{"line":8,"column":26}},"7":{"start":{"line":9,"column":0},"end":{"line":9,"column":41}},"8":{"start":{"line":10,"column":0},"end":{"line":10,"column":35}},"9":{"start":{"line":11,"column":0},"end":{"line":11,"column":30}},"10":{"start":{"line":22,"column":0},"end":{"line":62,"column":3}},"11":{"start":{"line":23,"column":2},"end":{"line":36,"column":5}},"12":{"start":{"line":24,"column":4},"end":{"line":24,"column":53}},"13":{"start":{"line":25,"column":4},"end":{"line":25,"column":29}},"14":{"start":{"line":28,"column":4},"end":{"line":28,"column":59}},"15":{"start":{"line":29,"column":4},"end":{"line":29,"column":77}},"16":{"start":{"line":31,"column":4},"end":{"line":31,"column":45}},"17":{"start":{"line":32,"column":4},"end":{"line":32,"column":29}},"18":{"start":{"line":33,"column":4},"end":{"line":33,"column":30}},"19":{"start":{"line":38,"column":2},"end":{"line":41,"column":5}},"20":{"start":{"line":39,"column":4},"end":{"line":39,"column":46}},"21":{"start":{"line":44,"column":2},"end":{"line":61,"column":5}},"22":{"start":{"line":45,"column":4},"end":{"line":60,"column":7}},"23":{"start":{"line":46,"column":6},"end":{"line":46,"column":37}},"24":{"start":{"line":47,"column":6},"end":{"line":47,"column":23}},"25":{"start":{"line":50,"column":6},"end":{"line":50,"column":53}},"26":{"start":{"line":51,"column":6},"end":{"line":51,"column":80}},"27":{"start":{"line":52,"column":6},"end":{"line":52,"column":78}},"28":{"start":{"line":53,"column":6},"end":{"line":53,"column":64}},"29":{"start":{"line":56,"column":6},"end":{"line":56,"column":40}},"30":{"start":{"line":59,"column":6},"end":{"line":59,"column":13}}},"branchMap":{},"code":["var helpers = require('./helpers');","var path = require('path');","var shell = require('shelljs');","","var IonicAppLib = require('ionic-app-lib');","","var tmpDir = helpers.tmpDir('create_test');","var appName = 'TestIonic';","var project = path.join(tmpDir, appName);","var optimist = require('optimist');","var utils = IonicAppLib.utils;","","// What to test","","","// * [ ] Start","// * [ ] Serve","// * [ ] Run","// * [ ]","","","describe('end-to-end', function() {","  beforeEach(function() {","    jasmine.getEnv().defaultTimeoutInterval = 150000;","    optimist.boolean.reset();","","    // Mock out call to get the app directory, return our project","    spyOn(utils, 'getProjectDirectory').andReturn(project);","    spyOn(IonicAppLib.multibar, 'newBar').andReturn({ tick: function() {} });","","    console.log('Removing project', project);","    shell.rm('-rf', project);","    shell.mkdir('-p', tmpDir);","","    // Copy over created project here.","  });","","  afterEach(function() {","    process.chdir(path.join(__dirname, '..'));  // Needed to rm the dir on Windows.","    // shell.rm('-rf', tmpDir);","  });","","  // This is working, Tim!","  describe('#start', function() {","    it('should start a v2 app without cordova cli', function() {","      console.log('Starting v2 app');","      shell.cd(tmpDir);","","      // shell.rm('-rf', path.join(project, 'i2'));","      shell.exec('ionic start ' + appName + ' --v2');","      console.log('Ionic v2 app start completed. Now checking files existing.');","      expect(path.join(project, 'node_modules', 'ionic-framework')).toExist();","      expect(path.join(project, 'www', 'index.html')).toExist();","","      // expect(path.join(project, 'hooks', 'before_prepare', '01_gulp_build.js')).toExist();","      console.log('v2 start completed');","","      // done();","      return;","    });","  });","});",""],"l":{"1":2,"2":0,"3":0,"5":0,"7":0,"8":0,"9":0,"10":0,"11":0,"22":0,"23":0,"24":0,"25":0,"28":0,"29":0,"31":0,"32":0,"33":0,"38":0,"39":0,"44":0,"45":0,"46":0,"47":0,"50":0,"51":0,"52":0,"53":0,"56":0,"59":0}},"/home/travis/build/npmtest/node-npmtest-ionic/node_modules/ionic/scripts/publish-nightly.js":{"path":"/home/travis/build/npmtest/node-npmtest-ionic/node_modules/ionic/scripts/publish-nightly.js","s":{"1":1,"2":1,"3":1,"4":1,"5":1,"6":1,"7":1,"8":1,"9":1,"10":1,"11":1,"12":1,"13":1,"14":1,"15":0,"16":0,"17":0,"18":0,"19":1,"20":1,"21":1,"22":1,"23":1,"24":1,"25":1,"26":1,"27":1,"28":1,"29":1,"30":1,"31":1,"32":1,"33":1,"34":0,"35":0,"36":0,"37":1,"38":1,"39":1},"b":{},"f":{"1":1,"2":1,"3":0,"4":1,"5":1,"6":1},"fnMap":{"1":{"name":"backupOriginalPackageJson","line":13,"loc":{"start":{"line":13,"column":0},"end":{"line":13,"column":37}}},"2":{"name":"createNightlyVersionInPackageJson","line":18,"loc":{"start":{"line":18,"column":0},"end":{"line":18,"column":45}}},"3":{"name":"revertPackageJson","line":24,"loc":{"start":{"line":24,"column":0},"end":{"line":24,"column":29}}},"4":{"name":"createTimestamp","line":31,"loc":{"start":{"line":31,"column":0},"end":{"line":31,"column":27}}},"5":{"name":"publishToNpm","line":41,"loc":{"start":{"line":41,"column":0},"end":{"line":41,"column":24}}},"6":{"name":"mainFunction","line":47,"loc":{"start":{"line":47,"column":0},"end":{"line":47,"column":24}}}},"statementMap":{"1":{"start":{"line":1,"column":0},"end":{"line":1,"column":49}},"2":{"start":{"line":2,"column":0},"end":{"line":2,"column":23}},"3":{"start":{"line":3,"column":0},"end":{"line":3,"column":27}},"4":{"start":{"line":5,"column":0},"end":{"line":5,"column":65}},"5":{"start":{"line":6,"column":0},"end":{"line":6,"column":74}},"6":{"start":{"line":7,"column":0},"end":{"line":7,"column":51}},"7":{"start":{"line":13,"column":0},"end":{"line":16,"column":1}},"8":{"start":{"line":14,"column":2},"end":{"line":14,"column":69}},"9":{"start":{"line":15,"column":2},"end":{"line":15,"column":57}},"10":{"start":{"line":18,"column":0},"end":{"line":22,"column":1}},"11":{"start":{"line":19,"column":2},"end":{"line":19,"column":52}},"12":{"start":{"line":20,"column":2},"end":{"line":20,"column":74}},"13":{"start":{"line":21,"column":2},"end":{"line":21,"column":82}},"14":{"start":{"line":24,"column":0},"end":{"line":29,"column":1}},"15":{"start":{"line":25,"column":2},"end":{"line":25,"column":57}},"16":{"start":{"line":26,"column":2},"end":{"line":26,"column":35}},"17":{"start":{"line":27,"column":2},"end":{"line":27,"column":49}},"18":{"start":{"line":28,"column":2},"end":{"line":28,"column":37}},"19":{"start":{"line":31,"column":0},"end":{"line":39,"column":1}},"20":{"start":{"line":33,"column":2},"end":{"line":33,"column":21}},"21":{"start":{"line":34,"column":2},"end":{"line":38,"column":48}},"22":{"start":{"line":41,"column":0},"end":{"line":44,"column":1}},"23":{"start":{"line":42,"column":2},"end":{"line":42,"column":61}},"24":{"start":{"line":43,"column":2},"end":{"line":43,"column":20}},"25":{"start":{"line":47,"column":0},"end":{"line":64,"column":1}},"26":{"start":{"line":48,"column":2},"end":{"line":63,"column":3}},"27":{"start":{"line":49,"column":4},"end":{"line":49,"column":46}},"28":{"start":{"line":50,"column":4},"end":{"line":50,"column":56}},"29":{"start":{"line":51,"column":4},"end":{"line":51,"column":32}},"30":{"start":{"line":52,"column":4},"end":{"line":52,"column":64}},"31":{"start":{"line":53,"column":4},"end":{"line":53,"column":40}},"32":{"start":{"line":54,"column":4},"end":{"line":54,"column":37}},"33":{"start":{"line":55,"column":4},"end":{"line":55,"column":19}},"34":{"start":{"line":56,"column":4},"end":{"line":56,"column":51}},"35":{"start":{"line":57,"column":4},"end":{"line":57,"column":24}},"36":{"start":{"line":58,"column":4},"end":{"line":58,"column":45}},"37":{"start":{"line":61,"column":4},"end":{"line":61,"column":163}},"38":{"start":{"line":62,"column":4},"end":{"line":62,"column":20}},"39":{"start":{"line":66,"column":0},"end":{"line":66,"column":15}}},"branchMap":{},"code":["var execSync = require('child_process').execSync;","var fs = require('fs');","var path = require('path');","","var packageJsonPath = path.join(__dirname, '..', 'package.json');","var tempPackageJsonPath = path.join(__dirname, '..', 'package-orig.json');","var originalPackageJson = require(packageJsonPath);","","/*"," * This script assumes the `build` step was run prior to it"," */","","function backupOriginalPackageJson() {","  var originalContent = JSON.stringify(originalPackageJson, null, 2);","  fs.writeFileSync(tempPackageJsonPath, originalContent);","}","","function createNightlyVersionInPackageJson() {","  var originalVersion = originalPackageJson.version;","  originalPackageJson.version = originalVersion + '-' + createTimestamp();","  fs.writeFileSync(packageJsonPath, JSON.stringify(originalPackageJson, null, 2));","}","","function revertPackageJson() {","  var fileContent = fs.readFileSync(tempPackageJsonPath);","  fileContent = fileContent + '\\n';","  fs.writeFileSync(packageJsonPath, fileContent);","  fs.unlinkSync(tempPackageJsonPath);","}","","function createTimestamp() {","  // YYYYMMDDHHMM","  var d = new Date();","  return d.getUTCFullYear() + // YYYY","          ('0' + (d.getUTCMonth() + 1)).slice(-2) + // MM","          ('0' + (d.getUTCDate())).slice(-2) + // DD","          ('0' + (d.getUTCHours())).slice(-2) + // HH","          ('0' + (d.getUTCMinutes())).slice(-2); // MM","}","","function publishToNpm() {","  var command = `npm publish --tag=nightly ${process.cwd()}`;","  execSync(command);","}","","","function mainFunction() {","  try {","    console.log('Building Nightly ... BEGIN');","    console.log('Backing up the original package.json');","    backupOriginalPackageJson();","    console.log('Creating the nightly version of package.json');","    createNightlyVersionInPackageJson();","    console.log('Publishing to npm');","    publishToNpm();","    console.log('Restoring original package.json');","    revertPackageJson();","    console.log('Building Nightly ... DONE');","  }","  catch (ex) {","    console.log(`Something went wrong with publishing the nightly. This process modifies the package.json, so restore it before committing code! - ${ex.message}`);","    process.exit(1);","  }","}","","mainFunction();"],"l":{"1":1,"2":1,"3":1,"5":1,"6":1,"7":1,"13":1,"14":1,"15":1,"18":1,"19":1,"20":1,"21":1,"24":1,"25":0,"26":0,"27":0,"28":0,"31":1,"33":1,"34":1,"41":1,"42":1,"43":1,"47":1,"48":1,"49":1,"50":1,"51":1,"52":1,"53":1,"54":1,"55":1,"56":0,"57":0,"58":0,"61":1,"62":1,"66":1}}}